#
# A fatal error has been detected by the Java Runtime Environment:
#
#  SIGBUS (0x7) at pc=0x00007f2d20fe1eed, pid=9961, tid=139829486356224
#
# JRE version: OpenJDK Runtime Environment (8.0_91-b14) (build 1.8.0_91-8u91-b14-3ubuntu1~16.04.1-b14)
# Java VM: OpenJDK 64-Bit Server VM (25.91-b14 mixed mode linux-amd64 compressed oops)
# Problematic frame:
# C  [libzip.so+0x4eed]
#
# Failed to write core dump. Core dumps have been disabled. To enable core dumping, try "ulimit -c unlimited" before starting Java again
#
# If you would like to submit a bug report, please visit:
#   http://bugreport.java.com/bugreport/crash.jsp
# The crash happened outside the Java Virtual Machine in native code.
# See problematic frame for where to report the bug.
#

---------------  T H R E A D  ---------------

Current thread (0x00007f2cac083000):  JavaThread "nREPL-worker-1" daemon [_thread_in_native, id=10199, stack(0x00007f2c96cd0000,0x00007f2c96dd1000)]

siginfo: si_signo: 7 (SIGBUS), si_code: 2 (BUS_ADRERR), si_addr: 0x00007f2d0c0022e8

Registers:
RAX=0x00007f2c680057f0, RBX=0x00007f2d1cb7b400, RCX=0x00007f2d0c0022c8, RDX=0x00007f2c680057f0
RSP=0x00007f2c96dc5d30, RBP=0x00007f2c96dc5da0, RSI=0x00007f2c68000038, RDI=0x0000000000000003
R8 =0x0000000000000000, R9 =0x00007f2d237f7e80, R10=0x00007f2c680057e0, R11=0x0000000000000019
R12=0x00007f2d1cb7b6c8, R13=0x00007f2c96dc5e28, R14=0x00007f2d1d5ed240, R15=0x00007f2c680057f0
RIP=0x00007f2d20fe1eed, EFLAGS=0x0000000000010202, CSGSFS=0x656a000000000033, ERR=0x0000000000000004
  TRAPNO=0x000000000000000e

Top of Stack: (sp=0x00007f2c96dc5d30)
0x00007f2c96dc5d30:   00007f2d0c1263d8 00000000e04395c8
0x00007f2c96dc5d40:   00007f2c96dc61f0 00007f2d0d1439cc
0x00007f2c96dc5d50:   0000000000000000 00007f2c96dc5f40
0x00007f2c96dc5d60:   00000000ac083000 00007f2d2317da90
0x00007f2c96dc5d70:   0000000000000019 00007f2d1cb7b6c0
0x00007f2c96dc5d80:   000000003362d719 00007f2c96dc5e28
0x00007f2c96dc5d90:   00007f2d1d5ed240 00007f2d1cb7b400
0x00007f2c96dc5da0:   00007f2c96dc5df0 00007f2d20fe2c84
0x00007f2c96dc5db0:   00007f2c96dc5e10 0000001901286b00
0x00007f2c96dc5dc0:   00007f2c96dc5df0 0000000000000019
0x00007f2c96dc5dd0:   00007f2cac0831e0 0000000000000018
0x00007f2c96dc5de0:   00007f2c96dc6268 00007f2d1cb7b400
0x00007f2c96dc5df0:   00007f2c96dc6250 00007f2d20fe0bec
0x00007f2c96dc5e00:   00007f2c96dc5e10 00000001ac083000
0x00007f2c96dc5e10:   65767265736e6f6b 696c61697265732f
0x00007f2c96dc5e20:   6a6c632e7372657a 00007f2cc8000063
0x00007f2c96dc5e30:   00000000000003d8 00007f2c96dc7204
0x00007f2c96dc5e40:   00007f2d0c1263d8 00007f2cac083000
0x00007f2c96dc5e50:   0000000000000000 00000000e0439398
0x00007f2c96dc5e60:   0000000000000000 0000000000000000
0x00007f2c96dc5e70:   00007f2d0c1263d8 00007f2cac083000
0x00007f2c96dc5e80:   0000000000000000 00000000e04395c8
0x00007f2c96dc5e90:   0000000085a8e748 0000000000000000
0x00007f2c96dc5ea0:   0000000000000000 0000000000000000
0x00007f2c96dc5eb0:   00007f2c96dc7220 00007f2c96dc7224
0x00007f2c96dc5ec0:   0000000000000000 0000000097010170
0x00007f2c96dc5ed0:   0000000000000000 00007f2c96dc5e88
0x00007f2c96dc5ee0:   00007f2c96dc5ec9 0000000800000002
0x00007f2c96dc5ef0:   00007f2c96dc7200 b6e0926849286b00
0x00007f2c96dc5f00:   0000000000000000 00007f2cac083000
0x00007f2c96dc5f10:   00007f2cac0831e0 0000000000000000
0x00007f2c96dc5f20:   00007f2cac083000 00007f2cac083000 

Instructions: (pc=0x00007f2d20fe1eed)
0x00007f2d20fe1ecd:   40 30 00 00 00 00 48 c7 40 28 00 00 00 00 0f 84
0x00007f2d20fe1edd:   bf 01 00 00 49 8b 0c 24 48 2b 4b 28 48 03 4b 18
0x00007f2d20fe1eed:   0f b7 41 20 44 0f b7 69 1c 49 89 ce 44 0f b7 61
0x00007f2d20fe1efd:   1e 89 45 c0 41 8b 46 0c 48 c7 45 c8 00 00 00 00 

Register to memory mapping:

RAX=0x00007f2c680057f0 is an unknown value
RBX=0x00007f2d1cb7b400 is an unknown value
RCX=0x00007f2d0c0022c8 is an unknown value
RDX=0x00007f2c680057f0 is an unknown value
RSP=0x00007f2c96dc5d30 is pointing into the stack for thread: 0x00007f2cac083000
RBP=0x00007f2c96dc5da0 is pointing into the stack for thread: 0x00007f2cac083000
RSI=0x00007f2c68000038 is an unknown value
RDI=0x0000000000000003 is an unknown value
R8 =0x0000000000000000 is an unknown value
R9 =0x00007f2d237f7e80: <offset 0xee8e80> in /usr/lib/jvm/java-8-openjdk-amd64/jre/lib/amd64/server/libjvm.so at 0x00007f2d2290f000
R10=0x00007f2c680057e0 is an unknown value
R11=0x0000000000000019 is an unknown value
R12=0x00007f2d1cb7b6c8 is an unknown value
R13=0x00007f2c96dc5e28 is pointing into the stack for thread: 0x00007f2cac083000
R14=0x00007f2d1d5ed240 is an unknown value
R15=0x00007f2c680057f0 is an unknown value


Stack: [0x00007f2c96cd0000,0x00007f2c96dd1000],  sp=0x00007f2c96dc5d30,  free space=983k
Native frames: (J=compiled Java code, j=interpreted, Vv=VM code, C=native code)
C  [libzip.so+0x4eed]
C  [libzip.so+0x5c84]
C  [libzip.so+0x3bec]  Java_java_util_zip_ZipFile_getEntry+0xfc
J 101  java.util.zip.ZipFile.getEntry(J[BZ)J (0 bytes) @ 0x00007f2d0d128b4e [0x00007f2d0d128a80+0xce]
J 112 C1 java.util.zip.ZipFile.getEntry(Ljava/lang/String;)Ljava/util/zip/ZipEntry; (86 bytes) @ 0x00007f2d0d135fd4 [0x00007f2d0d135e80+0x154]
J 249 C1 java.util.jar.JarFile.getEntry(Ljava/lang/String;)Ljava/util/zip/ZipEntry; (22 bytes) @ 0x00007f2d0d16dafc [0x00007f2d0d16dac0+0x3c]
J 248 C1 sun.misc.URLClassPath$JarLoader.getResource(Ljava/lang/String;Z)Lsun/misc/Resource; (85 bytes) @ 0x00007f2d0d16d07c [0x00007f2d0d16cf60+0x11c]
J 520 C1 sun.misc.URLClassPath$JarLoader.findResource(Ljava/lang/String;Z)Ljava/net/URL; (18 bytes) @ 0x00007f2d0d1e0e34 [0x00007f2d0d1e0e00+0x34]
J 1307 C1 sun.misc.URLClassPath.findResource(Ljava/lang/String;Z)Ljava/net/URL; (47 bytes) @ 0x00007f2d0d37a59c [0x00007f2d0d37a520+0x7c]
J 1565 C1 java.net.URLClassLoader$2.run()Ljava/lang/Object; (5 bytes) @ 0x00007f2d0d40a30c [0x00007f2d0d40a2c0+0x4c]
v  ~StubRoutines::call_stub
V  [libjvm.so+0x65effb]
V  [libjvm.so+0x6afdc9]  JVM_DoPrivileged+0x429
J 1257  java.security.AccessController.doPrivileged(Ljava/security/PrivilegedAction;Ljava/security/AccessControlContext;)Ljava/lang/Object; (0 bytes) @ 0x00007f2d0d34da15 [0x00007f2d0d34d940+0xd5]
J 1305 C1 java.net.URLClassLoader.findResource(Ljava/lang/String;)Ljava/net/URL; (37 bytes) @ 0x00007f2d0d37aa34 [0x00007f2d0d37a980+0xb4]
J 959 C1 java.lang.ClassLoader.getResource(Ljava/lang/String;)Ljava/net/URL; (36 bytes) @ 0x00007f2d0d2ad43c [0x00007f2d0d2ad360+0xdc]
J 959 C1 java.lang.ClassLoader.getResource(Ljava/lang/String;)Ljava/net/URL; (36 bytes) @ 0x00007f2d0d2ad3bc [0x00007f2d0d2ad360+0x5c]
J 959 C1 java.lang.ClassLoader.getResource(Ljava/lang/String;)Ljava/net/URL; (36 bytes) @ 0x00007f2d0d2ad3bc [0x00007f2d0d2ad360+0x5c]
J 959 C1 java.lang.ClassLoader.getResource(Ljava/lang/String;)Ljava/net/URL; (36 bytes) @ 0x00007f2d0d2ad3bc [0x00007f2d0d2ad360+0x5c]
J 959 C1 java.lang.ClassLoader.getResource(Ljava/lang/String;)Ljava/net/URL; (36 bytes) @ 0x00007f2d0d2ad3bc [0x00007f2d0d2ad360+0x5c]
J 959 C1 java.lang.ClassLoader.getResource(Ljava/lang/String;)Ljava/net/URL; (36 bytes) @ 0x00007f2d0d2ad3bc [0x00007f2d0d2ad360+0x5c]
J 959 C1 java.lang.ClassLoader.getResource(Ljava/lang/String;)Ljava/net/URL; (36 bytes) @ 0x00007f2d0d2ad3bc [0x00007f2d0d2ad360+0x5c]
J 959 C1 java.lang.ClassLoader.getResource(Ljava/lang/String;)Ljava/net/URL; (36 bytes) @ 0x00007f2d0d2ad3bc [0x00007f2d0d2ad360+0x5c]
J 959 C1 java.lang.ClassLoader.getResource(Ljava/lang/String;)Ljava/net/URL; (36 bytes) @ 0x00007f2d0d2ad3bc [0x00007f2d0d2ad360+0x5c]
J 3669 C1 clojure.lang.RT.load(Ljava/lang/String;Z)V (342 bytes) @ 0x00007f2d0d869b54 [0x00007f2d0d869480+0x6d4]
J 3668 C1 clojure.lang.RT.load(Ljava/lang/String;)V (6 bytes) @ 0x00007f2d0d868e1c [0x00007f2d0d868e00+0x1c]
j  clojure.core$load$fn__5677.invoke()Ljava/lang/Object;+17
J 3676 C1 clojure.core$load.invokeStatic(Lclojure/lang/ISeq;)Ljava/lang/Object; (562 bytes) @ 0x00007f2d0d8711c4 [0x00007f2d0d86f140+0x2084]
J 3675 C1 clojure.core$load.doInvoke(Ljava/lang/Object;)Ljava/lang/Object; (10 bytes) @ 0x00007f2d0d8751bc [0x00007f2d0d875140+0x7c]
J 1754 C1 clojure.lang.RestFn.invoke(Ljava/lang/Object;)Ljava/lang/Object; (73 bytes) @ 0x00007f2d0d47286c [0x00007f2d0d472660+0x20c]
j  clojure.core$load_one.invokeStatic(Ljava/lang/Object;Ljava/lang/Object;Ljava/lang/Object;)Ljava/lang/Object;+13
J 3692 C1 clojure.core$load_one.invoke(Ljava/lang/Object;Ljava/lang/Object;Ljava/lang/Object;)Ljava/lang/Object; (13 bytes) @ 0x00007f2d0d87bc7c [0x00007f2d0d87bc40+0x3c]
J 3691 C1 clojure.core$load_lib$fn__5626.invoke()Ljava/lang/Object; (70 bytes) @ 0x00007f2d0d87b77c [0x00007f2d0d87b6e0+0x9c]
J 3245 C1 clojure.core$load_lib.invokeStatic(Ljava/lang/Object;Ljava/lang/Object;Lclojure/lang/ISeq;)Ljava/lang/Object; (1214 bytes) @ 0x00007f2d0d7249e4 [0x00007f2d0d7231e0+0x1804]
J 2096 C1 clojure.core$load_lib.doInvoke(Ljava/lang/Object;Ljava/lang/Object;Ljava/lang/Object;)Ljava/lang/Object; (16 bytes) @ 0x00007f2d0d50f984 [0x00007f2d0d50f900+0x84]
J 880 C1 clojure.lang.RestFn.applyTo(Lclojure/lang/ISeq;)Ljava/lang/Object; (3076 bytes) @ 0x00007f2d0d276534 [0x00007f2d0d272d00+0x3834]
J 3700 C1 clojure.core$load_libs.invokeStatic(Lclojure/lang/ISeq;)Ljava/lang/Object; (1025 bytes) @ 0x00007f2d0d880a2c [0x00007f2d0d87f660+0x13cc]
J 3706 C1 clojure.core$load_libs.doInvoke(Ljava/lang/Object;)Ljava/lang/Object; (10 bytes) @ 0x00007f2d0d8875bc [0x00007f2d0d887540+0x7c]
J 880 C1 clojure.lang.RestFn.applyTo(Lclojure/lang/ISeq;)Ljava/lang/Object; (3076 bytes) @ 0x00007f2d0d2765d4 [0x00007f2d0d272d00+0x38d4]
J 3733 C1 clojure.core$require.doInvoke(Ljava/lang/Object;)Ljava/lang/Object; (10 bytes) @ 0x00007f2d0d89e2e4 [0x00007f2d0d89e1e0+0x104]
j  clojure.lang.RestFn.invoke(Ljava/lang/Object;Ljava/lang/Object;Ljava/lang/Object;Ljava/lang/Object;Ljava/lang/Object;Ljava/lang/Object;Ljava/lang/Object;Ljava/lang/Object;Ljava/lang/Object;)Ljava/lang/Object;+174
j  konserve_carmine.core$eval25019$loading__5569__auto____25020.invoke()Ljava/lang/Object;+86
j  konserve_carmine.core$eval25019.invokeStatic()Ljava/lang/Object;+10
j  konserve_carmine.core$eval25019.invoke()Ljava/lang/Object;+0
J 1645 C1 clojure.lang.Compiler.eval(Ljava/lang/Object;Z)Ljava/lang/Object; (393 bytes) @ 0x00007f2d0d43cf04 [0x00007f2d0d43b480+0x1a84]
J 1645 C1 clojure.lang.Compiler.eval(Ljava/lang/Object;Z)Ljava/lang/Object; (393 bytes) @ 0x00007f2d0d43cc0c [0x00007f2d0d43b480+0x178c]
J 3484 C1 clojure.lang.Compiler.load(Ljava/io/Reader;Ljava/lang/String;Ljava/lang/String;)Ljava/lang/Object; (498 bytes) @ 0x00007f2d0d7b5934 [0x00007f2d0d7b41a0+0x1794]
J 3728 C1 clojure.lang.RT.loadResourceScript(Ljava/lang/Class;Ljava/lang/String;Z)V (110 bytes) @ 0x00007f2d0d8922b4 [0x00007f2d0d891f60+0x354]
J 3669 C1 clojure.lang.RT.load(Ljava/lang/String;Z)V (342 bytes) @ 0x00007f2d0d86a874 [0x00007f2d0d869480+0x13f4]
J 3668 C1 clojure.lang.RT.load(Ljava/lang/String;)V (6 bytes) @ 0x00007f2d0d868e1c [0x00007f2d0d868e00+0x1c]
j  clojure.core$load$fn__5677.invoke()Ljava/lang/Object;+17
J 3676 C1 clojure.core$load.invokeStatic(Lclojure/lang/ISeq;)Ljava/lang/Object; (562 bytes) @ 0x00007f2d0d8711c4 [0x00007f2d0d86f140+0x2084]
J 3675 C1 clojure.core$load.doInvoke(Ljava/lang/Object;)Ljava/lang/Object; (10 bytes) @ 0x00007f2d0d8751bc [0x00007f2d0d875140+0x7c]
J 1754 C1 clojure.lang.RestFn.invoke(Ljava/lang/Object;)Ljava/lang/Object; (73 bytes) @ 0x00007f2d0d47286c [0x00007f2d0d472660+0x20c]
j  clojure.core$load_one.invokeStatic(Ljava/lang/Object;Ljava/lang/Object;Ljava/lang/Object;)Ljava/lang/Object;+13
J 3692 C1 clojure.core$load_one.invoke(Ljava/lang/Object;Ljava/lang/Object;Ljava/lang/Object;)Ljava/lang/Object; (13 bytes) @ 0x00007f2d0d87bc7c [0x00007f2d0d87bc40+0x3c]
J 3691 C1 clojure.core$load_lib$fn__5626.invoke()Ljava/lang/Object; (70 bytes) @ 0x00007f2d0d87b77c [0x00007f2d0d87b6e0+0x9c]
J 3245 C1 clojure.core$load_lib.invokeStatic(Ljava/lang/Object;Ljava/lang/Object;Lclojure/lang/ISeq;)Ljava/lang/Object; (1214 bytes) @ 0x00007f2d0d7249e4 [0x00007f2d0d7231e0+0x1804]
J 2096 C1 clojure.core$load_lib.doInvoke(Ljava/lang/Object;Ljava/lang/Object;Ljava/lang/Object;)Ljava/lang/Object; (16 bytes) @ 0x00007f2d0d50f984 [0x00007f2d0d50f900+0x84]
J 880 C1 clojure.lang.RestFn.applyTo(Lclojure/lang/ISeq;)Ljava/lang/Object; (3076 bytes) @ 0x00007f2d0d276534 [0x00007f2d0d272d00+0x3834]
J 3700 C1 clojure.core$load_libs.invokeStatic(Lclojure/lang/ISeq;)Ljava/lang/Object; (1025 bytes) @ 0x00007f2d0d880a2c [0x00007f2d0d87f660+0x13cc]
J 3706 C1 clojure.core$load_libs.doInvoke(Ljava/lang/Object;)Ljava/lang/Object; (10 bytes) @ 0x00007f2d0d8875bc [0x00007f2d0d887540+0x7c]
J 880 C1 clojure.lang.RestFn.applyTo(Lclojure/lang/ISeq;)Ljava/lang/Object; (3076 bytes) @ 0x00007f2d0d2765d4 [0x00007f2d0d272d00+0x38d4]
J 3733 C1 clojure.core$require.doInvoke(Ljava/lang/Object;)Ljava/lang/Object; (10 bytes) @ 0x00007f2d0d89e2e4 [0x00007f2d0d89e1e0+0x104]
J 1679 C1 clojure.lang.RestFn.invoke(Ljava/lang/Object;Ljava/lang/Object;)Ljava/lang/Object; (119 bytes) @ 0x00007f2d0d453a14 [0x00007f2d0d453600+0x414]
j  konserve_carmine.core_test$eval25013$loading__5569__auto____25014.invoke()Ljava/lang/Object;+65
j  konserve_carmine.core_test$eval25013.invokeStatic()Ljava/lang/Object;+10
j  konserve_carmine.core_test$eval25013.invoke()Ljava/lang/Object;+0
J 1645 C1 clojure.lang.Compiler.eval(Ljava/lang/Object;Z)Ljava/lang/Object; (393 bytes) @ 0x00007f2d0d43cf04 [0x00007f2d0d43b480+0x1a84]
J 1645 C1 clojure.lang.Compiler.eval(Ljava/lang/Object;Z)Ljava/lang/Object; (393 bytes) @ 0x00007f2d0d43cc0c [0x00007f2d0d43b480+0x178c]
j  clojure.lang.Compiler.eval(Ljava/lang/Object;)Ljava/lang/Object;+2
j  clojure.core$eval.invokeStatic(Ljava/lang/Object;)Ljava/lang/Object;+3
j  clojure.core$eval.invoke(Ljava/lang/Object;)Ljava/lang/Object;+3
j  clojure.main$repl$read_eval_print__7408$fn__7411.invoke()Ljava/lang/Object;+11
j  clojure.main$repl$read_eval_print__7408.invoke()Ljava/lang/Object;+178
j  clojure.main$repl$fn__7417.invoke()Ljava/lang/Object;+7
j  clojure.main$repl.invokeStatic(Lclojure/lang/ISeq;)Ljava/lang/Object;+608
j  clojure.main$repl.doInvoke(Ljava/lang/Object;)Ljava/lang/Object;+6
J 880 C1 clojure.lang.RestFn.applyTo(Lclojure/lang/ISeq;)Ljava/lang/Object; (3076 bytes) @ 0x00007f2d0d2765d4 [0x00007f2d0d272d00+0x38d4]
J 3270 C1 clojure.core$apply.invoke(Ljava/lang/Object;Ljava/lang/Object;)Ljava/lang/Object; (10 bytes) @ 0x00007f2d0d7424dc [0x00007f2d0d742440+0x9c]
j  refactor_nrepl.ns.slam.hound.regrow$wrap_clojure_repl$fn__9844.doInvoke(Ljava/lang/Object;)Ljava/lang/Object;+49
j  clojure.lang.RestFn.invoke(Ljava/lang/Object;Ljava/lang/Object;Ljava/lang/Object;Ljava/lang/Object;Ljava/lang/Object;Ljava/lang/Object;Ljava/lang/Object;Ljava/lang/Object;Ljava/lang/Object;Ljava/lang/Object;Ljava/lang/Object;Ljava/lang/Object;Ljava/lang/Object;Ljava/lang/Object;)Ljava/lang/Object;+259
j  clojure.tools.nrepl.middleware.interruptible_eval$evaluate$fn__648.invoke()Ljava/lang/Object;+305
J 405 C1 clojure.lang.AFn.applyToHelper(Lclojure/lang/IFn;Lclojure/lang/ISeq;)Ljava/lang/Object; (3238 bytes) @ 0x00007f2d0d1b7a34 [0x00007f2d0d1b36a0+0x4394]
J 383 C1 clojure.lang.AFn.applyTo(Lclojure/lang/ISeq;)Ljava/lang/Object; (12 bytes) @ 0x00007f2d0d1a72b4 [0x00007f2d0d1a7280+0x34]
J 1099 C1 clojure.core$apply.invokeStatic(Ljava/lang/Object;Ljava/lang/Object;)Ljava/lang/Object; (21 bytes) @ 0x00007f2d0d2ebb7c [0x00007f2d0d2ebb00+0x7c]
j  clojure.core$with_bindings_STAR_.invokeStatic(Ljava/lang/Object;Ljava/lang/Object;Lclojure/lang/ISeq;)Ljava/lang/Object;+13
j  clojure.core$with_bindings_STAR_.doInvoke(Ljava/lang/Object;Ljava/lang/Object;Ljava/lang/Object;)Ljava/lang/Object;+12
J 1679 C1 clojure.lang.RestFn.invoke(Ljava/lang/Object;Ljava/lang/Object;)Ljava/lang/Object; (119 bytes) @ 0x00007f2d0d4536ac [0x00007f2d0d453600+0xac]
j  clojure.tools.nrepl.middleware.interruptible_eval$evaluate.invokeStatic(Ljava/lang/Object;Ljava/lang/Object;)Ljava/lang/Object;+703
j  clojure.tools.nrepl.middleware.interruptible_eval$evaluate.invoke(Ljava/lang/Object;Ljava/lang/Object;)Ljava/lang/Object;+6
j  clojure.tools.nrepl.middleware.interruptible_eval$interruptible_eval$fn__693$fn__696.invoke()Ljava/lang/Object;+105
j  clojure.tools.nrepl.middleware.interruptible_eval$run_next$fn__688.invoke()Ljava/lang/Object;+7
j  clojure.lang.AFn.run()V+1
j  java.util.concurrent.ThreadPoolExecutor.runWorker(Ljava/util/concurrent/ThreadPoolExecutor$Worker;)V+95
j  java.util.concurrent.ThreadPoolExecutor$Worker.run()V+5
j  java.lang.Thread.run()V+11
v  ~StubRoutines::call_stub
V  [libjvm.so+0x65effb]
V  [libjvm.so+0x65c5e4]
...<more frames>...

Java frames: (J=compiled Java code, j=interpreted, Vv=VM code)
J 101  java.util.zip.ZipFile.getEntry(J[BZ)J (0 bytes) @ 0x00007f2d0d128ad8 [0x00007f2d0d128a80+0x58]
J 112 C1 java.util.zip.ZipFile.getEntry(Ljava/lang/String;)Ljava/util/zip/ZipEntry; (86 bytes) @ 0x00007f2d0d135fd4 [0x00007f2d0d135e80+0x154]
J 249 C1 java.util.jar.JarFile.getEntry(Ljava/lang/String;)Ljava/util/zip/ZipEntry; (22 bytes) @ 0x00007f2d0d16dafc [0x00007f2d0d16dac0+0x3c]
J 248 C1 sun.misc.URLClassPath$JarLoader.getResource(Ljava/lang/String;Z)Lsun/misc/Resource; (85 bytes) @ 0x00007f2d0d16d07c [0x00007f2d0d16cf60+0x11c]
J 520 C1 sun.misc.URLClassPath$JarLoader.findResource(Ljava/lang/String;Z)Ljava/net/URL; (18 bytes) @ 0x00007f2d0d1e0e34 [0x00007f2d0d1e0e00+0x34]
J 1307 C1 sun.misc.URLClassPath.findResource(Ljava/lang/String;Z)Ljava/net/URL; (47 bytes) @ 0x00007f2d0d37a59c [0x00007f2d0d37a520+0x7c]
J 1565 C1 java.net.URLClassLoader$2.run()Ljava/lang/Object; (5 bytes) @ 0x00007f2d0d40a30c [0x00007f2d0d40a2c0+0x4c]
v  ~StubRoutines::call_stub
J 1257  java.security.AccessController.doPrivileged(Ljava/security/PrivilegedAction;Ljava/security/AccessControlContext;)Ljava/lang/Object; (0 bytes) @ 0x00007f2d0d34d9a3 [0x00007f2d0d34d940+0x63]
J 1305 C1 java.net.URLClassLoader.findResource(Ljava/lang/String;)Ljava/net/URL; (37 bytes) @ 0x00007f2d0d37aa34 [0x00007f2d0d37a980+0xb4]
J 959 C1 java.lang.ClassLoader.getResource(Ljava/lang/String;)Ljava/net/URL; (36 bytes) @ 0x00007f2d0d2ad43c [0x00007f2d0d2ad360+0xdc]
J 959 C1 java.lang.ClassLoader.getResource(Ljava/lang/String;)Ljava/net/URL; (36 bytes) @ 0x00007f2d0d2ad3bc [0x00007f2d0d2ad360+0x5c]
J 959 C1 java.lang.ClassLoader.getResource(Ljava/lang/String;)Ljava/net/URL; (36 bytes) @ 0x00007f2d0d2ad3bc [0x00007f2d0d2ad360+0x5c]
J 959 C1 java.lang.ClassLoader.getResource(Ljava/lang/String;)Ljava/net/URL; (36 bytes) @ 0x00007f2d0d2ad3bc [0x00007f2d0d2ad360+0x5c]
J 959 C1 java.lang.ClassLoader.getResource(Ljava/lang/String;)Ljava/net/URL; (36 bytes) @ 0x00007f2d0d2ad3bc [0x00007f2d0d2ad360+0x5c]
J 959 C1 java.lang.ClassLoader.getResource(Ljava/lang/String;)Ljava/net/URL; (36 bytes) @ 0x00007f2d0d2ad3bc [0x00007f2d0d2ad360+0x5c]
J 959 C1 java.lang.ClassLoader.getResource(Ljava/lang/String;)Ljava/net/URL; (36 bytes) @ 0x00007f2d0d2ad3bc [0x00007f2d0d2ad360+0x5c]
J 959 C1 java.lang.ClassLoader.getResource(Ljava/lang/String;)Ljava/net/URL; (36 bytes) @ 0x00007f2d0d2ad3bc [0x00007f2d0d2ad360+0x5c]
J 959 C1 java.lang.ClassLoader.getResource(Ljava/lang/String;)Ljava/net/URL; (36 bytes) @ 0x00007f2d0d2ad3bc [0x00007f2d0d2ad360+0x5c]
J 3669 C1 clojure.lang.RT.load(Ljava/lang/String;Z)V (342 bytes) @ 0x00007f2d0d869b54 [0x00007f2d0d869480+0x6d4]
J 3668 C1 clojure.lang.RT.load(Ljava/lang/String;)V (6 bytes) @ 0x00007f2d0d868e1c [0x00007f2d0d868e00+0x1c]
j  clojure.core$load$fn__5677.invoke()Ljava/lang/Object;+17
J 3676 C1 clojure.core$load.invokeStatic(Lclojure/lang/ISeq;)Ljava/lang/Object; (562 bytes) @ 0x00007f2d0d8711c4 [0x00007f2d0d86f140+0x2084]
J 3675 C1 clojure.core$load.doInvoke(Ljava/lang/Object;)Ljava/lang/Object; (10 bytes) @ 0x00007f2d0d8751bc [0x00007f2d0d875140+0x7c]
J 1754 C1 clojure.lang.RestFn.invoke(Ljava/lang/Object;)Ljava/lang/Object; (73 bytes) @ 0x00007f2d0d47286c [0x00007f2d0d472660+0x20c]
j  clojure.core$load_one.invokeStatic(Ljava/lang/Object;Ljava/lang/Object;Ljava/lang/Object;)Ljava/lang/Object;+13
J 3692 C1 clojure.core$load_one.invoke(Ljava/lang/Object;Ljava/lang/Object;Ljava/lang/Object;)Ljava/lang/Object; (13 bytes) @ 0x00007f2d0d87bc7c [0x00007f2d0d87bc40+0x3c]
J 3691 C1 clojure.core$load_lib$fn__5626.invoke()Ljava/lang/Object; (70 bytes) @ 0x00007f2d0d87b77c [0x00007f2d0d87b6e0+0x9c]
J 3245 C1 clojure.core$load_lib.invokeStatic(Ljava/lang/Object;Ljava/lang/Object;Lclojure/lang/ISeq;)Ljava/lang/Object; (1214 bytes) @ 0x00007f2d0d7249e4 [0x00007f2d0d7231e0+0x1804]
J 2096 C1 clojure.core$load_lib.doInvoke(Ljava/lang/Object;Ljava/lang/Object;Ljava/lang/Object;)Ljava/lang/Object; (16 bytes) @ 0x00007f2d0d50f984 [0x00007f2d0d50f900+0x84]
J 880 C1 clojure.lang.RestFn.applyTo(Lclojure/lang/ISeq;)Ljava/lang/Object; (3076 bytes) @ 0x00007f2d0d276534 [0x00007f2d0d272d00+0x3834]
J 3700 C1 clojure.core$load_libs.invokeStatic(Lclojure/lang/ISeq;)Ljava/lang/Object; (1025 bytes) @ 0x00007f2d0d880a2c [0x00007f2d0d87f660+0x13cc]
J 3706 C1 clojure.core$load_libs.doInvoke(Ljava/lang/Object;)Ljava/lang/Object; (10 bytes) @ 0x00007f2d0d8875bc [0x00007f2d0d887540+0x7c]
J 880 C1 clojure.lang.RestFn.applyTo(Lclojure/lang/ISeq;)Ljava/lang/Object; (3076 bytes) @ 0x00007f2d0d2765d4 [0x00007f2d0d272d00+0x38d4]
J 3733 C1 clojure.core$require.doInvoke(Ljava/lang/Object;)Ljava/lang/Object; (10 bytes) @ 0x00007f2d0d89e2e4 [0x00007f2d0d89e1e0+0x104]
j  clojure.lang.RestFn.invoke(Ljava/lang/Object;Ljava/lang/Object;Ljava/lang/Object;Ljava/lang/Object;Ljava/lang/Object;Ljava/lang/Object;Ljava/lang/Object;Ljava/lang/Object;Ljava/lang/Object;)Ljava/lang/Object;+174
j  konserve_carmine.core$eval25019$loading__5569__auto____25020.invoke()Ljava/lang/Object;+86
j  konserve_carmine.core$eval25019.invokeStatic()Ljava/lang/Object;+10
j  konserve_carmine.core$eval25019.invoke()Ljava/lang/Object;+0
J 1645 C1 clojure.lang.Compiler.eval(Ljava/lang/Object;Z)Ljava/lang/Object; (393 bytes) @ 0x00007f2d0d43cf04 [0x00007f2d0d43b480+0x1a84]
J 1645 C1 clojure.lang.Compiler.eval(Ljava/lang/Object;Z)Ljava/lang/Object; (393 bytes) @ 0x00007f2d0d43cc0c [0x00007f2d0d43b480+0x178c]
J 3484 C1 clojure.lang.Compiler.load(Ljava/io/Reader;Ljava/lang/String;Ljava/lang/String;)Ljava/lang/Object; (498 bytes) @ 0x00007f2d0d7b5934 [0x00007f2d0d7b41a0+0x1794]
J 3728 C1 clojure.lang.RT.loadResourceScript(Ljava/lang/Class;Ljava/lang/String;Z)V (110 bytes) @ 0x00007f2d0d8922b4 [0x00007f2d0d891f60+0x354]
J 3669 C1 clojure.lang.RT.load(Ljava/lang/String;Z)V (342 bytes) @ 0x00007f2d0d86a874 [0x00007f2d0d869480+0x13f4]
J 3668 C1 clojure.lang.RT.load(Ljava/lang/String;)V (6 bytes) @ 0x00007f2d0d868e1c [0x00007f2d0d868e00+0x1c]
j  clojure.core$load$fn__5677.invoke()Ljava/lang/Object;+17
J 3676 C1 clojure.core$load.invokeStatic(Lclojure/lang/ISeq;)Ljava/lang/Object; (562 bytes) @ 0x00007f2d0d8711c4 [0x00007f2d0d86f140+0x2084]
J 3675 C1 clojure.core$load.doInvoke(Ljava/lang/Object;)Ljava/lang/Object; (10 bytes) @ 0x00007f2d0d8751bc [0x00007f2d0d875140+0x7c]
J 1754 C1 clojure.lang.RestFn.invoke(Ljava/lang/Object;)Ljava/lang/Object; (73 bytes) @ 0x00007f2d0d47286c [0x00007f2d0d472660+0x20c]
j  clojure.core$load_one.invokeStatic(Ljava/lang/Object;Ljava/lang/Object;Ljava/lang/Object;)Ljava/lang/Object;+13
J 3692 C1 clojure.core$load_one.invoke(Ljava/lang/Object;Ljava/lang/Object;Ljava/lang/Object;)Ljava/lang/Object; (13 bytes) @ 0x00007f2d0d87bc7c [0x00007f2d0d87bc40+0x3c]
J 3691 C1 clojure.core$load_lib$fn__5626.invoke()Ljava/lang/Object; (70 bytes) @ 0x00007f2d0d87b77c [0x00007f2d0d87b6e0+0x9c]
J 3245 C1 clojure.core$load_lib.invokeStatic(Ljava/lang/Object;Ljava/lang/Object;Lclojure/lang/ISeq;)Ljava/lang/Object; (1214 bytes) @ 0x00007f2d0d7249e4 [0x00007f2d0d7231e0+0x1804]
J 2096 C1 clojure.core$load_lib.doInvoke(Ljava/lang/Object;Ljava/lang/Object;Ljava/lang/Object;)Ljava/lang/Object; (16 bytes) @ 0x00007f2d0d50f984 [0x00007f2d0d50f900+0x84]
J 880 C1 clojure.lang.RestFn.applyTo(Lclojure/lang/ISeq;)Ljava/lang/Object; (3076 bytes) @ 0x00007f2d0d276534 [0x00007f2d0d272d00+0x3834]
J 3700 C1 clojure.core$load_libs.invokeStatic(Lclojure/lang/ISeq;)Ljava/lang/Object; (1025 bytes) @ 0x00007f2d0d880a2c [0x00007f2d0d87f660+0x13cc]
J 3706 C1 clojure.core$load_libs.doInvoke(Ljava/lang/Object;)Ljava/lang/Object; (10 bytes) @ 0x00007f2d0d8875bc [0x00007f2d0d887540+0x7c]
J 880 C1 clojure.lang.RestFn.applyTo(Lclojure/lang/ISeq;)Ljava/lang/Object; (3076 bytes) @ 0x00007f2d0d2765d4 [0x00007f2d0d272d00+0x38d4]
J 3733 C1 clojure.core$require.doInvoke(Ljava/lang/Object;)Ljava/lang/Object; (10 bytes) @ 0x00007f2d0d89e2e4 [0x00007f2d0d89e1e0+0x104]
J 1679 C1 clojure.lang.RestFn.invoke(Ljava/lang/Object;Ljava/lang/Object;)Ljava/lang/Object; (119 bytes) @ 0x00007f2d0d453a14 [0x00007f2d0d453600+0x414]
j  konserve_carmine.core_test$eval25013$loading__5569__auto____25014.invoke()Ljava/lang/Object;+65
j  konserve_carmine.core_test$eval25013.invokeStatic()Ljava/lang/Object;+10
j  konserve_carmine.core_test$eval25013.invoke()Ljava/lang/Object;+0
J 1645 C1 clojure.lang.Compiler.eval(Ljava/lang/Object;Z)Ljava/lang/Object; (393 bytes) @ 0x00007f2d0d43cf04 [0x00007f2d0d43b480+0x1a84]
J 1645 C1 clojure.lang.Compiler.eval(Ljava/lang/Object;Z)Ljava/lang/Object; (393 bytes) @ 0x00007f2d0d43cc0c [0x00007f2d0d43b480+0x178c]
j  clojure.lang.Compiler.eval(Ljava/lang/Object;)Ljava/lang/Object;+2
j  clojure.core$eval.invokeStatic(Ljava/lang/Object;)Ljava/lang/Object;+3
j  clojure.core$eval.invoke(Ljava/lang/Object;)Ljava/lang/Object;+3
j  clojure.main$repl$read_eval_print__7408$fn__7411.invoke()Ljava/lang/Object;+11
j  clojure.main$repl$read_eval_print__7408.invoke()Ljava/lang/Object;+178
j  clojure.main$repl$fn__7417.invoke()Ljava/lang/Object;+7
j  clojure.main$repl.invokeStatic(Lclojure/lang/ISeq;)Ljava/lang/Object;+608
j  clojure.main$repl.doInvoke(Ljava/lang/Object;)Ljava/lang/Object;+6
J 880 C1 clojure.lang.RestFn.applyTo(Lclojure/lang/ISeq;)Ljava/lang/Object; (3076 bytes) @ 0x00007f2d0d2765d4 [0x00007f2d0d272d00+0x38d4]
J 3270 C1 clojure.core$apply.invoke(Ljava/lang/Object;Ljava/lang/Object;)Ljava/lang/Object; (10 bytes) @ 0x00007f2d0d7424dc [0x00007f2d0d742440+0x9c]
j  refactor_nrepl.ns.slam.hound.regrow$wrap_clojure_repl$fn__9844.doInvoke(Ljava/lang/Object;)Ljava/lang/Object;+49
j  clojure.lang.RestFn.invoke(Ljava/lang/Object;Ljava/lang/Object;Ljava/lang/Object;Ljava/lang/Object;Ljava/lang/Object;Ljava/lang/Object;Ljava/lang/Object;Ljava/lang/Object;Ljava/lang/Object;Ljava/lang/Object;Ljava/lang/Object;Ljava/lang/Object;Ljava/lang/Object;Ljava/lang/Object;)Ljava/lang/Object;+259
j  clojure.tools.nrepl.middleware.interruptible_eval$evaluate$fn__648.invoke()Ljava/lang/Object;+305
J 405 C1 clojure.lang.AFn.applyToHelper(Lclojure/lang/IFn;Lclojure/lang/ISeq;)Ljava/lang/Object; (3238 bytes) @ 0x00007f2d0d1b7a34 [0x00007f2d0d1b36a0+0x4394]
J 383 C1 clojure.lang.AFn.applyTo(Lclojure/lang/ISeq;)Ljava/lang/Object; (12 bytes) @ 0x00007f2d0d1a72b4 [0x00007f2d0d1a7280+0x34]
J 1099 C1 clojure.core$apply.invokeStatic(Ljava/lang/Object;Ljava/lang/Object;)Ljava/lang/Object; (21 bytes) @ 0x00007f2d0d2ebb7c [0x00007f2d0d2ebb00+0x7c]
j  clojure.core$with_bindings_STAR_.invokeStatic(Ljava/lang/Object;Ljava/lang/Object;Lclojure/lang/ISeq;)Ljava/lang/Object;+13
j  clojure.core$with_bindings_STAR_.doInvoke(Ljava/lang/Object;Ljava/lang/Object;Ljava/lang/Object;)Ljava/lang/Object;+12
J 1679 C1 clojure.lang.RestFn.invoke(Ljava/lang/Object;Ljava/lang/Object;)Ljava/lang/Object; (119 bytes) @ 0x00007f2d0d4536ac [0x00007f2d0d453600+0xac]
j  clojure.tools.nrepl.middleware.interruptible_eval$evaluate.invokeStatic(Ljava/lang/Object;Ljava/lang/Object;)Ljava/lang/Object;+703
j  clojure.tools.nrepl.middleware.interruptible_eval$evaluate.invoke(Ljava/lang/Object;Ljava/lang/Object;)Ljava/lang/Object;+6
j  clojure.tools.nrepl.middleware.interruptible_eval$interruptible_eval$fn__693$fn__696.invoke()Ljava/lang/Object;+105
j  clojure.tools.nrepl.middleware.interruptible_eval$run_next$fn__688.invoke()Ljava/lang/Object;+7
j  clojure.lang.AFn.run()V+1
j  java.util.concurrent.ThreadPoolExecutor.runWorker(Ljava/util/concurrent/ThreadPoolExecutor$Worker;)V+95
j  java.util.concurrent.ThreadPoolExecutor$Worker.run()V+5
j  java.lang.Thread.run()V+11
v  ~StubRoutines::call_stub

---------------  P R O C E S S  ---------------

Java Threads: ( => current thread )
=>0x00007f2cac083000 JavaThread "nREPL-worker-1" daemon [_thread_in_native, id=10199, stack(0x00007f2c96cd0000,0x00007f2c96dd1000)]
  0x00007f2cac00b000 JavaThread "Keep-Alive-Timer" daemon [_thread_blocked, id=10198, stack(0x00007f2ce4677000,0x00007f2ce4778000)]
  0x00007f2cb0005000 JavaThread "clojure-agent-send-off-pool-6" [_thread_blocked, id=10051, stack(0x00007f2c96dd1000,0x00007f2c96ed2000)]
  0x00007f2c90013800 JavaThread "client-worker-8" daemon [_thread_blocked, id=10050, stack(0x00007f2c96ed2000,0x00007f2c96fd3000)]
  0x00007f2c90012000 JavaThread "client-worker-7" daemon [_thread_blocked, id=10049, stack(0x00007f2c96fd3000,0x00007f2c970d4000)]
  0x00007f2c90010000 JavaThread "client-worker-6" daemon [_thread_blocked, id=10048, stack(0x00007f2c970d4000,0x00007f2c971d5000)]
  0x00007f2c9000f000 JavaThread "client-worker-5" daemon [_thread_blocked, id=10047, stack(0x00007f2c971d5000,0x00007f2c972d6000)]
  0x00007f2c9000d800 JavaThread "client-worker-4" daemon [_thread_blocked, id=10045, stack(0x00007f2c972d6000,0x00007f2c973d7000)]
  0x00007f2c9000c000 JavaThread "client-worker-3" daemon [_thread_blocked, id=10044, stack(0x00007f2c975d7000,0x00007f2c976d8000)]
  0x00007f2c9804d800 JavaThread "clojure-agent-send-off-pool-5" [_thread_blocked, id=10042, stack(0x00007f2c976d8000,0x00007f2c977d9000)]
  0x00007f2c9000a000 JavaThread "client-worker-2" daemon [_thread_blocked, id=10041, stack(0x00007f2c977d9000,0x00007f2c978da000)]
  0x00007f2c90006000 JavaThread "client-worker-1" daemon [_thread_blocked, id=10040, stack(0x00007f2c978da000,0x00007f2c979db000)]
  0x00007f2c98001000 JavaThread "client-loop" daemon [_thread_in_native, id=10039, stack(0x00007f2ce4060000,0x00007f2ce4161000)]
  0x00007f2ca0001800 JavaThread "clojure-agent-send-pool-1" daemon [_thread_blocked, id=10038, stack(0x00007f2ce4374000,0x00007f2ce4475000)]
  0x00007f2cb000d000 JavaThread "clojure-agent-send-off-pool-4" [_thread_blocked, id=10037, stack(0x00007f2ce4475000,0x00007f2ce4576000)]
  0x00007f2ca0007000 JavaThread "clojure-agent-send-pool-0" daemon [_thread_blocked, id=10036, stack(0x00007f2ce4576000,0x00007f2ce4677000)]
  0x00007f2cb0002800 JavaThread "clojure-agent-send-off-pool-3" [_thread_blocked, id=10034, stack(0x00007f2ce4778000,0x00007f2ce4879000)]
  0x00007f2cb4008000 JavaThread "clojure-agent-send-off-pool-2" [_thread_in_native, id=10033, stack(0x00007f2ce4879000,0x00007f2ce497a000)]
  0x00007f2d1c5c6000 JavaThread "clojure-agent-send-off-pool-1" [_thread_in_native, id=9987, stack(0x00007f2ceccae000,0x00007f2cecdaf000)]
  0x00007f2d1c5c3000 JavaThread "clojure-agent-send-off-pool-0" [_thread_blocked, id=9986, stack(0x00007f2cecfc2000,0x00007f2ced0c3000)]
  0x00007f2d1c0df000 JavaThread "Service Thread" daemon [_thread_blocked, id=9984, stack(0x00007f2ced732000,0x00007f2ced833000)]
  0x00007f2d1c0c2000 JavaThread "C1 CompilerThread3" daemon [_thread_blocked, id=9983, stack(0x00007f2ced833000,0x00007f2ced934000)]
  0x00007f2d1c0bd000 JavaThread "C2 CompilerThread2" daemon [_thread_blocked, id=9982, stack(0x00007f2ced934000,0x00007f2ceda35000)]
  0x00007f2d1c0bb800 JavaThread "C2 CompilerThread1" daemon [_thread_blocked, id=9981, stack(0x00007f2ceda35000,0x00007f2cedb36000)]
  0x00007f2d1c0b8800 JavaThread "C2 CompilerThread0" daemon [_thread_blocked, id=9980, stack(0x00007f2cedb36000,0x00007f2cedc37000)]
  0x00007f2d1c0b6800 JavaThread "Signal Dispatcher" daemon [_thread_blocked, id=9979, stack(0x00007f2cedc37000,0x00007f2cedd38000)]
  0x00007f2d1c08f000 JavaThread "Finalizer" daemon [_thread_blocked, id=9978, stack(0x00007f2cee1e2000,0x00007f2cee2e3000)]
  0x00007f2d1c08a800 JavaThread "Reference Handler" daemon [_thread_blocked, id=9977, stack(0x00007f2cee2e3000,0x00007f2cee3e4000)]
  0x00007f2d1c00d000 JavaThread "main" [_thread_blocked, id=9963, stack(0x00007f2d24508000,0x00007f2d24609000)]

Other Threads:
  0x00007f2d1c083000 VMThread [stack: 0x00007f2cee3e4000,0x00007f2cee4e5000] [id=9976]
  0x00007f2d1c0e1800 WatcherThread [stack: 0x00007f2ced631000,0x00007f2ced732000] [id=9985]

VM state:not at safepoint (normal execution)

VM Mutex/Monitor currently owned by a thread: None

Heap:
 PSYoungGen      total 534528K, used 172958K [0x00000000d6e00000, 0x00000000fd480000, 0x0000000100000000)
  eden space 511488K, 30% used [0x00000000d6e00000,0x00000000e0573fa8,0x00000000f6180000)
  from space 23040K, 77% used [0x00000000f6180000,0x00000000f72f3a30,0x00000000f7800000)
  to   space 24576K, 0% used [0x00000000fbc80000,0x00000000fbc80000,0x00000000fd480000)
 ParOldGen       total 200192K, used 54086K [0x0000000084a00000, 0x0000000090d80000, 0x00000000d6e00000)
  object space 200192K, 27% used [0x0000000084a00000,0x0000000087ed1bf0,0x0000000090d80000)
 Metaspace       used 77136K, capacity 104971K, committed 105048K, reserved 1124352K
  class space    used 21310K, capacity 31077K, committed 31104K, reserved 1048576K

Card table byte_map: [0x00007f2d20841000,0x00007f2d20c1d000] byte_map_base: 0x00007f2d2041c000

Marking Bits: (ParMarkBitMap*) 0x00007f2d23823fc0
 Begin Bits: [0x00007f2d04250000, 0x00007f2d06128000)
 End Bits:   [0x00007f2d06128000, 0x00007f2d08000000)

Polling page: 0x00007f2d24675000

CodeCache: size=245760Kb used=9849Kb max_used=9849Kb free=235910Kb
 bounds [0x00007f2d0d000000, 0x00007f2d0d9a0000, 0x00007f2d1c000000]
 total_blobs=4662 nmethods=4225 adapters=350
 compilation: enabled

Compilation events (10 events):
Event: 67,916 Thread 0x00007f2d1c0c2000 4240       1       java.net.URI$Parser::checkChars (44 bytes)
Event: 67,917 Thread 0x00007f2d1c0c2000 nmethod 4240 0x00007f2d0d9997d0 code [0x00007f2d0d999980, 0x00007f2d0d999da8]
Event: 68,436 Thread 0x00007f2d1c0c2000 4241       1       java.lang.String::getBytes (27 bytes)
Event: 68,437 Thread 0x00007f2d1c0c2000 nmethod 4241 0x00007f2d0d99a110 code [0x00007f2d0d99a280, 0x00007f2d0d99a458]
Event: 68,437 Thread 0x00007f2d1c0c2000 4242   !   1       java.lang.StringCoding::encode (216 bytes)
Event: 68,441 Thread 0x00007f2d1c0c2000 nmethod 4242 0x00007f2d0d99a550 code [0x00007f2d0d99a7c0, 0x00007f2d0d99b3f8]
Event: 69,139 Thread 0x00007f2d1c0c2000 4243       1       java.io.FilterInputStream::read (8 bytes)
Event: 69,139 Thread 0x00007f2d1c0c2000 nmethod 4243 0x00007f2d0d99bdd0 code [0x00007f2d0d99bf40, 0x00007f2d0d99c088]
Event: 69,151 Thread 0x00007f2d1c0c2000 4244  s!   1       sun.misc.URLClassPath::getLoader (197 bytes)
Event: 69,154 Thread 0x00007f2d1c0c2000 nmethod 4244 0x00007f2d0d99c110 code [0x00007f2d0d99c3e0, 0x00007f2d0d99d9e8]

GC Heap History (10 events):
Event: 9,099 GC heap before
{Heap before GC invocations=13 (full 3):
 PSYoungGen      total 402432K, used 387072K [0x00000000d6e00000, 0x00000000f7100000, 0x0000000100000000)
  eden space 387072K, 100% used [0x00000000d6e00000,0x00000000ee800000,0x00000000ee800000)
  from space 15360K, 0% used [0x00000000ee800000,0x00000000ee800000,0x00000000ef700000)
  to   space 19456K, 0% used [0x00000000f5e00000,0x00000000f5e00000,0x00000000f7100000)
 ParOldGen       total 150528K, used 45093K [0x0000000084a00000, 0x000000008dd00000, 0x00000000d6e00000)
  object space 150528K, 29% used [0x0000000084a00000,0x00000000876096d8,0x000000008dd00000)
 Metaspace       used 54907K, capacity 70827K, committed 71000K, reserved 1099776K
  class space    used 14942K, capacity 20319K, committed 20352K, reserved 1048576K
Event: 9,113 GC heap after
Heap after GC invocations=13 (full 3):
 PSYoungGen      total 457728K, used 8411K [0x00000000d6e00000, 0x00000000f6680000, 0x0000000100000000)
  eden space 449024K, 0% used [0x00000000d6e00000,0x00000000d6e00000,0x00000000f2480000)
  from space 8704K, 96% used [0x00000000f5e00000,0x00000000f6636c18,0x00000000f6680000)
  to   space 18944K, 0% used [0x00000000f4180000,0x00000000f4180000,0x00000000f5400000)
 ParOldGen       total 150528K, used 45101K [0x0000000084a00000, 0x000000008dd00000, 0x00000000d6e00000)
  object space 150528K, 29% used [0x0000000084a00000,0x000000008760b6d8,0x000000008dd00000)
 Metaspace       used 54907K, capacity 70827K, committed 71000K, reserved 1099776K
  class space    used 14942K, capacity 20319K, committed 20352K, reserved 1048576K
}
Event: 11,297 GC heap before
{Heap before GC invocations=14 (full 3):
 PSYoungGen      total 457728K, used 457435K [0x00000000d6e00000, 0x00000000f6680000, 0x0000000100000000)
  eden space 449024K, 100% used [0x00000000d6e00000,0x00000000f2480000,0x00000000f2480000)
  from space 8704K, 96% used [0x00000000f5e00000,0x00000000f6636c18,0x00000000f6680000)
  to   space 18944K, 0% used [0x00000000f4180000,0x00000000f4180000,0x00000000f5400000)
 ParOldGen       total 150528K, used 45101K [0x0000000084a00000, 0x000000008dd00000, 0x00000000d6e00000)
  object space 150528K, 29% used [0x0000000084a00000,0x000000008760b6d8,0x000000008dd00000)
 Metaspace       used 66843K, capacity 89913K, committed 90072K, reserved 1112064K
  class space    used 18449K, capacity 26505K, committed 26624K, reserved 1048576K
Event: 11,316 GC heap after
Heap after GC invocations=14 (full 3):
 PSYoungGen      total 497664K, used 17748K [0x00000000d6e00000, 0x00000000f8c80000, 0x0000000100000000)
  eden space 478720K, 0% used [0x00000000d6e00000,0x00000000d6e00000,0x00000000f4180000)
  from space 18944K, 93% used [0x00000000f4180000,0x00000000f52d52f0,0x00000000f5400000)
  to   space 20992K, 0% used [0x00000000f7800000,0x00000000f7800000,0x00000000f8c80000)
 ParOldGen       total 150528K, used 45109K [0x0000000084a00000, 0x000000008dd00000, 0x00000000d6e00000)
  object space 150528K, 29% used [0x0000000084a00000,0x000000008760d6d8,0x000000008dd00000)
 Metaspace       used 66843K, capacity 89913K, committed 90072K, reserved 1112064K
  class space    used 18449K, capacity 26505K, committed 26624K, reserved 1048576K
}
Event: 12,508 GC heap before
{Heap before GC invocations=15 (full 3):
 PSYoungGen      total 497664K, used 254535K [0x00000000d6e00000, 0x00000000f8c80000, 0x0000000100000000)
  eden space 478720K, 49% used [0x00000000d6e00000,0x00000000e553ca00,0x00000000f4180000)
  from space 18944K, 93% used [0x00000000f4180000,0x00000000f52d52f0,0x00000000f5400000)
  to   space 20992K, 0% used [0x00000000f7800000,0x00000000f7800000,0x00000000f8c80000)
 ParOldGen       total 150528K, used 45109K [0x0000000084a00000, 0x000000008dd00000, 0x00000000d6e00000)
  object space 150528K, 29% used [0x0000000084a00000,0x000000008760d6d8,0x000000008dd00000)
 Metaspace       used 71810K, capacity 98265K, committed 98280K, reserved 1118208K
  class space    used 20138K, capacity 29425K, committed 29440K, reserved 1048576K
Event: 12,530 GC heap after
Heap after GC invocations=15 (full 3):
 PSYoungGen      total 532480K, used 19015K [0x00000000d6e00000, 0x00000000fb300000, 0x0000000100000000)
  eden space 511488K, 0% used [0x00000000d6e00000,0x00000000d6e00000,0x00000000f6180000)
  from space 20992K, 90% used [0x00000000f7800000,0x00000000f8a91c00,0x00000000f8c80000)
  to   space 23040K, 0% used [0x00000000f6180000,0x00000000f6180000,0x00000000f7800000)
 ParOldGen       total 150528K, used 45117K [0x0000000084a00000, 0x000000008dd00000, 0x00000000d6e00000)
  object space 150528K, 29% used [0x0000000084a00000,0x000000008760f6d8,0x000000008dd00000)
 Metaspace       used 71810K, capacity 98265K, committed 98280K, reserved 1118208K
  class space    used 20138K, capacity 29425K, committed 29440K, reserved 1048576K
}
Event: 12,530 GC heap before
{Heap before GC invocations=16 (full 4):
 PSYoungGen      total 532480K, used 19015K [0x00000000d6e00000, 0x00000000fb300000, 0x0000000100000000)
  eden space 511488K, 0% used [0x00000000d6e00000,0x00000000d6e00000,0x00000000f6180000)
  from space 20992K, 90% used [0x00000000f7800000,0x00000000f8a91c00,0x00000000f8c80000)
  to   space 23040K, 0% used [0x00000000f6180000,0x00000000f6180000,0x00000000f7800000)
 ParOldGen       total 150528K, used 45117K [0x0000000084a00000, 0x000000008dd00000, 0x00000000d6e00000)
  object space 150528K, 29% used [0x0000000084a00000,0x000000008760f6d8,0x000000008dd00000)
 Metaspace       used 71810K, capacity 98265K, committed 98280K, reserved 1118208K
  class space    used 20138K, capacity 29425K, committed 29440K, reserved 1048576K
Event: 12,646 GC heap after
Heap after GC invocations=16 (full 4):
 PSYoungGen      total 532480K, used 0K [0x00000000d6e00000, 0x00000000fb300000, 0x0000000100000000)
  eden space 511488K, 0% used [0x00000000d6e00000,0x00000000d6e00000,0x00000000f6180000)
  from space 20992K, 0% used [0x00000000f7800000,0x00000000f7800000,0x00000000f8c80000)
  to   space 23040K, 0% used [0x00000000f6180000,0x00000000f6180000,0x00000000f7800000)
 ParOldGen       total 200192K, used 54078K [0x0000000084a00000, 0x0000000090d80000, 0x00000000d6e00000)
  object space 200192K, 27% used [0x0000000084a00000,0x0000000087ecfbf0,0x0000000090d80000)
 Metaspace       used 71810K, capacity 98265K, committed 98280K, reserved 1118208K
  class space    used 20138K, capacity 29425K, committed 29440K, reserved 1048576K
}
Event: 45,389 GC heap before
{Heap before GC invocations=17 (full 4):
 PSYoungGen      total 532480K, used 511488K [0x00000000d6e00000, 0x00000000fb300000, 0x0000000100000000)
  eden space 511488K, 100% used [0x00000000d6e00000,0x00000000f6180000,0x00000000f6180000)
  from space 20992K, 0% used [0x00000000f7800000,0x00000000f7800000,0x00000000f8c80000)
  to   space 23040K, 0% used [0x00000000f6180000,0x00000000f6180000,0x00000000f7800000)
 ParOldGen       total 200192K, used 54078K [0x0000000084a00000, 0x0000000090d80000, 0x00000000d6e00000)
  object space 200192K, 27% used [0x0000000084a00000,0x0000000087ecfbf0,0x0000000090d80000)
 Metaspace       used 77095K, capacity 104935K, committed 105048K, reserved 1124352K
  class space    used 21298K, capacity 31065K, committed 31104K, reserved 1048576K
Event: 45,405 GC heap after
Heap after GC invocations=17 (full 4):
 PSYoungGen      total 534528K, used 17870K [0x00000000d6e00000, 0x00000000fd480000, 0x0000000100000000)
  eden space 511488K, 0% used [0x00000000d6e00000,0x00000000d6e00000,0x00000000f6180000)
  from space 23040K, 77% used [0x00000000f6180000,0x00000000f72f3a30,0x00000000f7800000)
  to   space 24576K, 0% used [0x00000000fbc80000,0x00000000fbc80000,0x00000000fd480000)
 ParOldGen       total 200192K, used 54086K [0x0000000084a00000, 0x0000000090d80000, 0x00000000d6e00000)
  object space 200192K, 27% used [0x0000000084a00000,0x0000000087ed1bf0,0x0000000090d80000)
 Metaspace       used 77095K, capacity 104935K, committed 105048K, reserved 1124352K
  class space    used 21298K, capacity 31065K, committed 31104K, reserved 1048576K
}

Deoptimization events (0 events):
No events

Internal exceptions (10 events):
Event: 0,160 Thread 0x00007f2d1c00d000 Exception <a 'java/security/PrivilegedActionException'> (0x00000000d74ac188) thrown at [/build/openjdk-8-W1Ghxo/openjdk-8-8u91-b14/src/hotspot/src/share/vm/prims/jvm.cpp, line 1386]
Event: 0,160 Thread 0x00007f2d1c00d000 Exception <a 'java/security/PrivilegedActionException'> (0x00000000d74acc58) thrown at [/build/openjdk-8-W1Ghxo/openjdk-8-8u91-b14/src/hotspot/src/share/vm/prims/jvm.cpp, line 1386]
Event: 0,161 Thread 0x00007f2d1c00d000 Exception <a 'java/security/PrivilegedActionException'> (0x00000000d74ace68) thrown at [/build/openjdk-8-W1Ghxo/openjdk-8-8u91-b14/src/hotspot/src/share/vm/prims/jvm.cpp, line 1386]
Event: 1,634 Thread 0x00007f2d1c5c6000 Exception <a 'java/io/FileNotFoundException'> (0x00000000da6e87c8) thrown at [/build/openjdk-8-W1Ghxo/openjdk-8-8u91-b14/src/hotspot/src/share/vm/prims/jni.cpp, line 709]
Event: 1,637 Thread 0x00007f2d1c5c3000 Exception <a 'java/io/FileNotFoundException'> (0x00000000daa0b4d0) thrown at [/build/openjdk-8-W1Ghxo/openjdk-8-8u91-b14/src/hotspot/src/share/vm/prims/jni.cpp, line 709]
Event: 4,655 Thread 0x00007f2d1c00d000 Exception <a 'java/lang/ClassNotFoundException': sun/net/www/content/content/unknown> (0x00000000da00e9c8) thrown at [/build/openjdk-8-W1Ghxo/openjdk-8-8u91-b14/src/hotspot/src/share/vm/classfile/systemDictionary.cpp, line 210]
Event: 5,981 Thread 0x00007f2d1c00d000 Exception <a 'java/lang/NoClassDefFoundError': org/apache/log4j/Category> (0x00000000de6d12f0) thrown at [/build/openjdk-8-W1Ghxo/openjdk-8-8u91-b14/src/hotspot/src/share/vm/classfile/systemDictionary.cpp, line 199]
Event: 6,032 Thread 0x00007f2d1c00d000 Exception <a 'java/lang/NoSuchFieldError': method resolution failed> (0x00000000de84e020) thrown at [/build/openjdk-8-W1Ghxo/openjdk-8-8u91-b14/src/hotspot/src/share/vm/prims/methodHandles.cpp, line 1146]
Event: 6,033 Thread 0x00007f2d1c00d000 Exception <a 'java/lang/NoSuchFieldError': method resolution failed> (0x00000000de85c9b0) thrown at [/build/openjdk-8-W1Ghxo/openjdk-8-8u91-b14/src/hotspot/src/share/vm/prims/methodHandles.cpp, line 1146]
Event: 13,402 Thread 0x00007f2d1c00d000 Exception <a 'java/lang/NoClassDefFoundError': org/apache/log4j/Category> (0x00000000e1d83a18) thrown at [/build/openjdk-8-W1Ghxo/openjdk-8-8u91-b14/src/hotspot/src/share/vm/classfile/systemDictionary.cpp, line 199]

Events (10 events):
Event: 69,144 Executing VM operation: RevokeBias
Event: 69,144 Executing VM operation: RevokeBias done
Event: 69,151 Executing VM operation: RevokeBias
Event: 69,151 Executing VM operation: RevokeBias done
Event: 69,152 loading class sun/misc/URLClassPath$FileLoader$1
Event: 69,152 loading class sun/misc/URLClassPath$FileLoader$1 done
Event: 69,152 loading class konserve_carmine/core__init
Event: 69,152 loading class konserve_carmine/core__init done
Event: 69,152 Executing VM operation: RevokeBias
Event: 69,153 Executing VM operation: RevokeBias done


Dynamic libraries:
00400000-00401000 r-xp 00000000 08:01 2759988                            /usr/lib/jvm/java-8-openjdk-amd64/jre/bin/java
00600000-00601000 r--p 00000000 08:01 2759988                            /usr/lib/jvm/java-8-openjdk-amd64/jre/bin/java
00601000-00602000 rw-p 00001000 08:01 2759988                            /usr/lib/jvm/java-8-openjdk-amd64/jre/bin/java
006d7000-006f8000 rw-p 00000000 00:00 0                                  [heap]
84a00000-90d80000 rw-p 00000000 00:00 0 
90d80000-d6e00000 ---p 00000000 00:00 0 
d6e00000-fd480000 rw-p 00000000 00:00 0 
fd480000-100000000 ---p 00000000 00:00 0 
100000000-101e60000 rw-p 00000000 00:00 0 
101e60000-140000000 ---p 00000000 00:00 0 
7f2c64000000-7f2c64021000 rw-p 00000000 00:00 0 
7f2c64021000-7f2c68000000 ---p 00000000 00:00 0 
7f2c68000000-7f2c68053000 rw-p 00000000 00:00 0 
7f2c68053000-7f2c6c000000 ---p 00000000 00:00 0 
7f2c6c000000-7f2c6c021000 rw-p 00000000 00:00 0 
7f2c6c021000-7f2c70000000 ---p 00000000 00:00 0 
7f2c70000000-7f2c70021000 rw-p 00000000 00:00 0 
7f2c70021000-7f2c74000000 ---p 00000000 00:00 0 
7f2c74000000-7f2c74021000 rw-p 00000000 00:00 0 
7f2c74021000-7f2c78000000 ---p 00000000 00:00 0 
7f2c78000000-7f2c78021000 rw-p 00000000 00:00 0 
7f2c78021000-7f2c7c000000 ---p 00000000 00:00 0 
7f2c7c000000-7f2c7c021000 rw-p 00000000 00:00 0 
7f2c7c021000-7f2c80000000 ---p 00000000 00:00 0 
7f2c80000000-7f2c80021000 rw-p 00000000 00:00 0 
7f2c80021000-7f2c84000000 ---p 00000000 00:00 0 
7f2c84000000-7f2c84021000 rw-p 00000000 00:00 0 
7f2c84021000-7f2c88000000 ---p 00000000 00:00 0 
7f2c88000000-7f2c88021000 rw-p 00000000 00:00 0 
7f2c88021000-7f2c8c000000 ---p 00000000 00:00 0 
7f2c8c000000-7f2c8c021000 rw-p 00000000 00:00 0 
7f2c8c021000-7f2c90000000 ---p 00000000 00:00 0 
7f2c90000000-7f2c90021000 rw-p 00000000 00:00 0 
7f2c90021000-7f2c94000000 ---p 00000000 00:00 0 
7f2c96cd0000-7f2c96cd3000 ---p 00000000 00:00 0 
7f2c96cd3000-7f2c96dd1000 rw-p 00000000 00:00 0 
7f2c96dd1000-7f2c96dd4000 ---p 00000000 00:00 0 
7f2c96dd4000-7f2c96ed2000 rw-p 00000000 00:00 0 
7f2c96ed2000-7f2c96ed5000 ---p 00000000 00:00 0 
7f2c96ed5000-7f2c96fd3000 rw-p 00000000 00:00 0 
7f2c96fd3000-7f2c96fd6000 ---p 00000000 00:00 0 
7f2c96fd6000-7f2c970d4000 rw-p 00000000 00:00 0 
7f2c970d4000-7f2c970d7000 ---p 00000000 00:00 0 
7f2c970d7000-7f2c971d5000 rw-p 00000000 00:00 0 
7f2c971d5000-7f2c971d8000 ---p 00000000 00:00 0 
7f2c971d8000-7f2c972d6000 rw-p 00000000 00:00 0 
7f2c972d6000-7f2c972d9000 ---p 00000000 00:00 0 
7f2c972d9000-7f2c97417000 rw-p 00000000 00:00 0 
7f2c97417000-7f2c975d7000 ---p 00000000 00:00 0 
7f2c975d7000-7f2c975da000 ---p 00000000 00:00 0 
7f2c975da000-7f2c976d8000 rw-p 00000000 00:00 0 
7f2c976d8000-7f2c976db000 ---p 00000000 00:00 0 
7f2c976db000-7f2c977d9000 rw-p 00000000 00:00 0 
7f2c977d9000-7f2c977dc000 ---p 00000000 00:00 0 
7f2c977dc000-7f2c978da000 rw-p 00000000 00:00 0 
7f2c978da000-7f2c978dd000 ---p 00000000 00:00 0 
7f2c978dd000-7f2c979db000 rw-p 00000000 00:00 0 
7f2c979db000-7f2c979f2000 r-xp 00000000 08:01 4200754                    /lib/x86_64-linux-gnu/libresolv-2.23.so
7f2c979f2000-7f2c97bf2000 ---p 00017000 08:01 4200754                    /lib/x86_64-linux-gnu/libresolv-2.23.so
7f2c97bf2000-7f2c97bf3000 r--p 00017000 08:01 4200754                    /lib/x86_64-linux-gnu/libresolv-2.23.so
7f2c97bf3000-7f2c97bf4000 rw-p 00018000 08:01 4200754                    /lib/x86_64-linux-gnu/libresolv-2.23.so
7f2c97bf4000-7f2c97bf6000 rw-p 00000000 00:00 0 
7f2c97bf6000-7f2c97bfb000 r-xp 00000000 08:01 4200761                    /lib/x86_64-linux-gnu/libnss_dns-2.23.so
7f2c97bfb000-7f2c97dfb000 ---p 00005000 08:01 4200761                    /lib/x86_64-linux-gnu/libnss_dns-2.23.so
7f2c97dfb000-7f2c97dfc000 r--p 00005000 08:01 4200761                    /lib/x86_64-linux-gnu/libnss_dns-2.23.so
7f2c97dfc000-7f2c97dfd000 rw-p 00006000 08:01 4200761                    /lib/x86_64-linux-gnu/libnss_dns-2.23.so
7f2c97dfd000-7f2c97dff000 r-xp 00000000 08:01 4196520                    /lib/x86_64-linux-gnu/libnss_mdns4_minimal.so.2
7f2c97dff000-7f2c97ffe000 ---p 00002000 08:01 4196520                    /lib/x86_64-linux-gnu/libnss_mdns4_minimal.so.2
7f2c97ffe000-7f2c97fff000 r--p 00001000 08:01 4196520                    /lib/x86_64-linux-gnu/libnss_mdns4_minimal.so.2
7f2c97fff000-7f2c98000000 rw-p 00002000 08:01 4196520                    /lib/x86_64-linux-gnu/libnss_mdns4_minimal.so.2
7f2c98000000-7f2c98054000 rw-p 00000000 00:00 0 
7f2c98054000-7f2c9c000000 ---p 00000000 00:00 0 
7f2c9c000000-7f2c9c021000 rw-p 00000000 00:00 0 
7f2c9c021000-7f2ca0000000 ---p 00000000 00:00 0 
7f2ca0000000-7f2ca0047000 rw-p 00000000 00:00 0 
7f2ca0047000-7f2ca4000000 ---p 00000000 00:00 0 
7f2ca4000000-7f2ca4033000 rw-p 00000000 00:00 0 
7f2ca4033000-7f2ca8000000 ---p 00000000 00:00 0 
7f2ca8000000-7f2ca8021000 rw-p 00000000 00:00 0 
7f2ca8021000-7f2cac000000 ---p 00000000 00:00 0 
7f2cac000000-7f2cac085000 rw-p 00000000 00:00 0 
7f2cac085000-7f2cb0000000 ---p 00000000 00:00 0 
7f2cb0000000-7f2cb003d000 rw-p 00000000 00:00 0 
7f2cb003d000-7f2cb4000000 ---p 00000000 00:00 0 
7f2cb4000000-7f2cb4047000 rw-p 00000000 00:00 0 
7f2cb4047000-7f2cb8000000 ---p 00000000 00:00 0 
7f2cb8000000-7f2cb8021000 rw-p 00000000 00:00 0 
7f2cb8021000-7f2cbc000000 ---p 00000000 00:00 0 
7f2cbc000000-7f2cbc021000 rw-p 00000000 00:00 0 
7f2cbc021000-7f2cc0000000 ---p 00000000 00:00 0 
7f2cc0000000-7f2cc0021000 rw-p 00000000 00:00 0 
7f2cc0021000-7f2cc4000000 ---p 00000000 00:00 0 
7f2cc4000000-7f2cc4623000 rw-p 00000000 00:00 0 
7f2cc4623000-7f2cc8000000 ---p 00000000 00:00 0 
7f2cc8000000-7f2cc8036000 rw-p 00000000 00:00 0 
7f2cc8036000-7f2ccc000000 ---p 00000000 00:00 0 
7f2ccc000000-7f2ccc021000 rw-p 00000000 00:00 0 
7f2ccc021000-7f2cd0000000 ---p 00000000 00:00 0 
7f2cd0000000-7f2cd0021000 rw-p 00000000 00:00 0 
7f2cd0021000-7f2cd4000000 ---p 00000000 00:00 0 
7f2cd4000000-7f2cd4021000 rw-p 00000000 00:00 0 
7f2cd4021000-7f2cd8000000 ---p 00000000 00:00 0 
7f2cd8000000-7f2cd8062000 rw-p 00000000 00:00 0 
7f2cd8062000-7f2cdc000000 ---p 00000000 00:00 0 
7f2cdc000000-7f2cdc021000 rw-p 00000000 00:00 0 
7f2cdc021000-7f2ce0000000 ---p 00000000 00:00 0 
7f2ce0000000-7f2ce0021000 rw-p 00000000 00:00 0 
7f2ce0021000-7f2ce4000000 ---p 00000000 00:00 0 
7f2ce4060000-7f2ce4063000 ---p 00000000 00:00 0 
7f2ce4063000-7f2ce4161000 rw-p 00000000 00:00 0 
7f2ce4161000-7f2ce4172000 r-xp 00000000 08:01 2772511                    /usr/lib/jvm/java-8-openjdk-amd64/jre/lib/amd64/libnio.so
7f2ce4172000-7f2ce4372000 ---p 00011000 08:01 2772511                    /usr/lib/jvm/java-8-openjdk-amd64/jre/lib/amd64/libnio.so
7f2ce4372000-7f2ce4373000 r--p 00011000 08:01 2772511                    /usr/lib/jvm/java-8-openjdk-amd64/jre/lib/amd64/libnio.so
7f2ce4373000-7f2ce4374000 rw-p 00012000 08:01 2772511                    /usr/lib/jvm/java-8-openjdk-amd64/jre/lib/amd64/libnio.so
7f2ce4374000-7f2ce4377000 ---p 00000000 00:00 0 
7f2ce4377000-7f2ce4475000 rw-p 00000000 00:00 0 
7f2ce4475000-7f2ce4478000 ---p 00000000 00:00 0 
7f2ce4478000-7f2ce4576000 rw-p 00000000 00:00 0 
7f2ce4576000-7f2ce4579000 ---p 00000000 00:00 0 
7f2ce4579000-7f2ce4677000 rw-p 00000000 00:00 0 
7f2ce4677000-7f2ce467a000 ---p 00000000 00:00 0 
7f2ce467a000-7f2ce4778000 rw-p 00000000 00:00 0 
7f2ce4778000-7f2ce477b000 ---p 00000000 00:00 0 
7f2ce477b000-7f2ce4879000 rw-p 00000000 00:00 0 
7f2ce4879000-7f2ce487c000 ---p 00000000 00:00 0 
7f2ce487c000-7f2ce4b7a000 rw-p 00000000 00:00 0 
7f2ce4b7a000-7f2ce4e7b000 rw-p 00000000 00:00 0 
7f2ce4e7b000-7f2ce4e92000 r-xp 00000000 08:01 2770966                    /usr/lib/jvm/java-8-openjdk-amd64/jre/lib/amd64/libnet.so
7f2ce4e92000-7f2ce5091000 ---p 00017000 08:01 2770966                    /usr/lib/jvm/java-8-openjdk-amd64/jre/lib/amd64/libnet.so
7f2ce5091000-7f2ce5092000 r--p 00016000 08:01 2770966                    /usr/lib/jvm/java-8-openjdk-amd64/jre/lib/amd64/libnet.so
7f2ce5092000-7f2ce5093000 rw-p 00017000 08:01 2770966                    /usr/lib/jvm/java-8-openjdk-amd64/jre/lib/amd64/libnet.so
7f2ce5093000-7f2ce5293000 rw-p 00000000 00:00 0 
7f2ce5293000-7f2ce5493000 rw-p 00000000 00:00 0 
7f2ce5493000-7f2ce5693000 rw-p 00000000 00:00 0 
7f2ce5693000-7f2ce5893000 rw-p 00000000 00:00 0 
7f2ce5893000-7f2ce5a93000 rw-p 00000000 00:00 0 
7f2ce5a93000-7f2ce5c93000 rw-p 00000000 00:00 0 
7f2ce5c93000-7f2ce5e93000 rw-p 00000000 00:00 0 
7f2ce5e93000-7f2ce6093000 rw-p 00000000 00:00 0 
7f2ce6093000-7f2ce6293000 rw-p 00000000 00:00 0 
7f2ce6293000-7f2ce6493000 rw-p 00000000 00:00 0 
7f2ce6493000-7f2ce6693000 rw-p 00000000 00:00 0 
7f2ce6693000-7f2ce6893000 rw-p 00000000 00:00 0 
7f2ce6893000-7f2ce6a93000 rw-p 00000000 00:00 0 
7f2ce6a93000-7f2ce6c93000 rw-p 00000000 00:00 0 
7f2ce6c93000-7f2ce6d0c000 r--s 010e9000 08:01 2759599                    /usr/lib/jvm/java-8-openjdk-amd64/lib/tools.jar
7f2ce6d0c000-7f2ce6f0c000 rw-p 00000000 00:00 0 
7f2ce6f0c000-7f2ce710c000 rw-p 00000000 00:00 0 
7f2ce710c000-7f2ce730c000 rw-p 00000000 00:00 0 
7f2ce730c000-7f2ce7334000 r-xp 00000000 08:01 2772180                    /usr/lib/jvm/java-8-openjdk-amd64/jre/lib/amd64/libsunec.so
7f2ce7334000-7f2ce7533000 ---p 00028000 08:01 2772180                    /usr/lib/jvm/java-8-openjdk-amd64/jre/lib/amd64/libsunec.so
7f2ce7533000-7f2ce7537000 r--p 00027000 08:01 2772180                    /usr/lib/jvm/java-8-openjdk-amd64/jre/lib/amd64/libsunec.so
7f2ce7537000-7f2ce7538000 rw-p 0002b000 08:01 2772180                    /usr/lib/jvm/java-8-openjdk-amd64/jre/lib/amd64/libsunec.so
7f2ce7538000-7f2ce7738000 rw-p 00000000 00:00 0 
7f2ce7738000-7f2ce7938000 rw-p 00000000 00:00 0 
7f2ce7938000-7f2ce7b38000 rw-p 00000000 00:00 0 
7f2ce7b38000-7f2ce7d38000 rw-p 00000000 00:00 0 
7f2ce7d38000-7f2ce7e00000 r--s 00a85000 08:01 8291199                    /tmp/lein-standalone6850629723563200363.jar
7f2ce7e00000-7f2ce8000000 rw-p 00000000 00:00 0 
7f2ce8000000-7f2ce8021000 rw-p 00000000 00:00 0 
7f2ce8021000-7f2cec000000 ---p 00000000 00:00 0 
7f2cec075000-7f2cec088000 r--s 00345000 08:01 2772524                    /usr/lib/jvm/java-8-openjdk-amd64/jre/lib/resources.jar
7f2cec088000-7f2cec27e000 rw-p 00000000 00:00 0 
7f2cec27e000-7f2cec288000 ---p 00000000 00:00 0 
7f2cec288000-7f2cec488000 rw-p 00000000 00:00 0 
7f2cec488000-7f2cec688000 rw-p 00000000 00:00 0 
7f2cec688000-7f2cec888000 rw-p 00000000 00:00 0 
7f2cec888000-7f2ceca88000 rw-p 00000000 00:00 0 
7f2ceca88000-7f2cecc88000 rw-p 00000000 00:00 0 
7f2cecc88000-7f2ceccae000 r--p 00000000 08:01 2391461                    /usr/share/locale-langpack/de/LC_MESSAGES/libc.mo
7f2ceccae000-7f2ceccb1000 ---p 00000000 00:00 0 
7f2ceccb1000-7f2cecdaf000 rw-p 00000000 00:00 0 
7f2cecdb4000-7f2cecdb7000 r--s 00015000 08:01 2767269                    /usr/lib/jvm/java-8-openjdk-amd64/jre/lib/jce.jar
7f2cecdb7000-7f2cecdbb000 r--s 00097000 08:01 2774223                    /usr/lib/jvm/java-8-openjdk-amd64/jre/lib/jsse.jar
7f2cecdbb000-7f2cecdc2000 r--s 00000000 08:01 2375114                    /usr/lib/x86_64-linux-gnu/gconv/gconv-modules.cache
7f2cecdc2000-7f2cecfc2000 rw-p 00000000 00:00 0 
7f2cecfc2000-7f2cecfc5000 ---p 00000000 00:00 0 
7f2cecfc5000-7f2ced2c3000 rw-p 00000000 00:00 0 
7f2ced2c3000-7f2ced4c3000 rw-p 00000000 00:00 0 
7f2ced4c3000-7f2ced4ce000 r--s 0006d000 00:30 7881446                    /home/void/.m2/repository/org/sonatype/sisu/sisu-guice/3.0.3/sisu-guice-3.0.3-no_aop.jar
7f2ced4ce000-7f2ced4d4000 r--s 0002c000 00:30 7881449                    /home/void/.m2/repository/org/sonatype/sisu/sisu-inject-plexus/2.2.3/sisu-inject-plexus-2.2.3.jar
7f2ced4d4000-7f2ced4db000 r--s 0003f000 00:30 7874746                    /home/void/.m2/repository/commons-codec/commons-codec/1.10/commons-codec-1.10.jar
7f2ced4db000-7f2ced4dc000 r--s 00008000 00:30 7902264                    /home/void/.m2/repository/com/taoensso/nippy/2.12.0/nippy-2.12.0.jar
7f2ced4dc000-7f2ced4dd000 r--s 00001000 00:30 7884123                    /home/void/.m2/repository/org/clojure/core.cache/0.6.5/core.cache-0.6.5.jar
7f2ced4dd000-7f2ced4df000 r--s 00026000 00:30 7881457                    /home/void/.m2/repository/org/apache/maven/maven-model/3.0.4/maven-model-3.0.4.jar
7f2ced4df000-7f2ced4e0000 r--s 00001000 00:30 7883110                    /home/void/.m2/repository/org/clojure/data.fressian/0.2.0/data.fressian-0.2.0.jar
7f2ced4e0000-7f2ced4ea000 r--s 000a5000 00:30 7883132                    /home/void/.m2/repository/org/javassist/javassist/3.18.1-GA/javassist-3.18.1-GA.jar
7f2ced4ea000-7f2ced4ed000 r--s 0002e000 00:30 7883122                    /home/void/.m2/repository/com/fasterxml/jackson/core/jackson-core/2.3.2/jackson-core-2.3.2.jar
7f2ced4ed000-7f2ced4ee000 r--s 00005000 00:30 7881397                    /home/void/.m2/repository/org/sonatype/aether/aether-connector-file/1.13.1/aether-connector-file-1.13.1.jar
7f2ced4ee000-7f2ced4f4000 r--s 00040000 00:30 7883123                    /home/void/.m2/repository/org/msgpack/msgpack/0.6.10/msgpack-0.6.10.jar
7f2ced4f4000-7f2ced4f7000 r--s 0001d000 00:30 7881387                    /home/void/.m2/repository/org/sonatype/aether/aether-impl/1.13.1/aether-impl-1.13.1.jar
7f2ced4f7000-7f2ced4f9000 r--s 000a5000 00:30 7883076                    /home/void/.m2/repository/org/clojure/clojurescript/1.8.34/clojurescript-1.8.34.jar
7f2ced4f9000-7f2ced4fd000 r--s 00021000 00:30 7881458                    /home/void/.m2/repository/org/apache/maven/maven-model-builder/3.0.4/maven-model-builder-3.0.4.jar
7f2ced4fd000-7f2ced509000 r--s 0010b000 00:30 7883081                    /home/void/.m2/repository/org/mozilla/rhino/1.7R5/rhino-1.7R5.jar
7f2ced509000-7f2ced50b000 r--s 0000d000 00:30 7882069                    /home/void/.m2/repository/commons-logging/commons-logging/1.1.1/commons-logging-1.1.1.jar
7f2ced50b000-7f2ced50c000 r--s 00019000 00:30 7902263                    /home/void/.m2/repository/com/taoensso/encore/2.67.2/encore-2.67.2.jar
7f2ced50c000-7f2ced510000 r--s 00016000 00:30 7883120                    /home/void/.m2/repository/com/cognitect/transit-java/0.8.311/transit-java-0.8.311.jar
7f2ced510000-7f2ced512000 r--s 0000b000 00:30 7881510                    /home/void/.m2/repository/org/apache/maven/wagon/wagon-provider-api/2.2/wagon-provider-api-2.2.jar
7f2ced512000-7f2ced515000 r--s 00019000 00:30 7902250                    /home/void/.m2/repository/org/apache/commons/commons-pool2/2.4.2/commons-pool2-2.4.2.jar
7f2ced515000-7f2ced517000 r--s 00006000 00:30 7881489                    /home/void/.m2/repository/org/apache/maven/maven-repository-metadata/3.0.4/maven-repository-metadata-3.0.4.jar
7f2ced517000-7f2ced519000 r--s 00002000 00:30 7881391                    /home/void/.m2/repository/com/cemerick/pomegranate/0.3.1/pomegranate-0.3.1.jar
7f2ced519000-7f2ced51d000 r--s 00031000 00:30 7881349                    /home/void/.m2/repository/jline/jline/2.12/jline-2.12.jar
7f2ced51d000-7f2ced51f000 r--s 0000f000 00:30 7883111                    /home/void/.m2/repository/org/fressian/fressian/0.6.3/fressian-0.6.3.jar
7f2ced51f000-7f2ced520000 r--s 00001000 00:30 7884129                    /home/void/.m2/repository/org/clojure/data.priority-map/0.0.7/data.priority-map-0.0.7.jar
7f2ced520000-7f2ced521000 r--s 00001000 00:30 7883544                    /home/void/.m2/repository/org/clojure/data.json/0.2.6/data.json-0.2.6.jar
7f2ced521000-7f2ced523000 r--s 00006000 00:30 7881393                    /home/void/.m2/repository/org/sonatype/aether/aether-connector-wagon/1.13.1/aether-connector-wagon-1.13.1.jar
7f2ced523000-7f2ced528000 r--s 00030000 00:30 7883105                    /home/void/.m2/repository/org/ow2/asm/asm-all/4.2/asm-all-4.2.jar
7f2ced528000-7f2ced52a000 r--s 00002000 00:30 7882132                    /home/void/.m2/repository/aprint/aprint/0.1.3/aprint-0.1.3.jar
7f2ced52a000-7f2ced52d000 r--s 00024000 00:30 7883178                    /home/void/.m2/repository/commons-io/commons-io/2.0.1/commons-io-2.0.1.jar
7f2ced52d000-7f2ced52e000 r--s 00006000 00:30 7902261                    /home/void/.m2/repository/io/aviso/pretty/0.1.29/pretty-0.1.29.jar
7f2ced52e000-7f2ced532000 r--s 00033000 00:30 7881514                    /home/void/.m2/repository/org/codehaus/plexus/plexus-utils/2.0.6/plexus-utils-2.0.6.jar
7f2ced532000-7f2ced533000 r--s 0000a000 00:30 7888585                    /home/void/.m2/repository/io/replikativ/hasch/0.3.1/hasch-0.3.1.jar
7f2ced533000-7f2ced537000 r--s 00015000 00:30 7902249                    /home/void/.m2/repository/org/tukaani/xz/1.5/xz-1.5.jar
7f2ced537000-7f2ced567000 r--s 004e9000 00:30 7883079                    /home/void/.m2/repository/org/clojure/google-closure-library/0.0-20151016-61277aea/google-closure-library-0.0-20151016-61277aea.jar
7f2ced567000-7f2ced586000 r--s 00b77000 00:30 7874958                    /home/void/.m2/repository/refactor-nrepl/refactor-nrepl/2.3.0-SNAPSHOT/refactor-nrepl-2.3.0-SNAPSHOT.jar
7f2ced586000-7f2ced5ee000 r--s 005d4000 00:30 7883074                    /home/void/.m2/repository/com/google/javascript/closure-compiler/v20151216/closure-compiler-v20151216.jar
7f2ced5ee000-7f2ced631000 r--s 00332000 00:30 7883073                    /home/void/.m2/repository/org/clojure/clojure/1.8.0/clojure-1.8.0.jar
7f2ced631000-7f2ced632000 ---p 00000000 00:00 0 
7f2ced632000-7f2ced732000 rw-p 00000000 00:00 0 
7f2ced732000-7f2ced735000 ---p 00000000 00:00 0 
7f2ced735000-7f2ced833000 rw-p 00000000 00:00 0 
7f2ced833000-7f2ced836000 ---p 00000000 00:00 0 
7f2ced836000-7f2ced934000 rw-p 00000000 00:00 0 
7f2ced934000-7f2ced937000 ---p 00000000 00:00 0 
7f2ced937000-7f2ceda35000 rw-p 00000000 00:00 0 
7f2ceda35000-7f2ceda38000 ---p 00000000 00:00 0 
7f2ceda38000-7f2cedb36000 rw-p 00000000 00:00 0 
7f2cedb36000-7f2cedb39000 ---p 00000000 00:00 0 
7f2cedb39000-7f2cedc37000 rw-p 00000000 00:00 0 
7f2cedc37000-7f2cedc3a000 ---p 00000000 00:00 0 
7f2cedc3a000-7f2cedd38000 rw-p 00000000 00:00 0 
7f2cedd38000-7f2cee1e2000 r--p 00000000 08:01 2231584                    /usr/lib/locale/locale-archive
7f2cee1e2000-7f2cee1e5000 ---p 00000000 00:00 0 
7f2cee1e5000-7f2cee2e3000 rw-p 00000000 00:00 0 
7f2cee2e3000-7f2cee2e6000 ---p 00000000 00:00 0 
7f2cee2e6000-7f2cee3e4000 rw-p 00000000 00:00 0 
7f2cee3e4000-7f2cee3e5000 ---p 00000000 00:00 0 
7f2cee3e5000-7f2cf0000000 rw-p 00000000 00:00 0 
7f2cf0000000-7f2cf0021000 rw-p 00000000 00:00 0 
7f2cf0021000-7f2cf4000000 ---p 00000000 00:00 0 
7f2cf4000000-7f2cf4021000 rw-p 00000000 00:00 0 
7f2cf4021000-7f2cf8000000 ---p 00000000 00:00 0 
7f2cf8000000-7f2cf8021000 rw-p 00000000 00:00 0 
7f2cf8021000-7f2cfc000000 ---p 00000000 00:00 0 
7f2cfc000000-7f2cfc021000 rw-p 00000000 00:00 0 
7f2cfc021000-7f2d00000000 ---p 00000000 00:00 0 
7f2d00000000-7f2d00021000 rw-p 00000000 00:00 0 
7f2d00021000-7f2d04000000 ---p 00000000 00:00 0 
7f2d04000000-7f2d04006000 r--s 0002d000 00:30 7886328                    /home/void/.m2/repository/cider/cider-nrepl/0.10.2/cider-nrepl-0.10.2.jar
7f2d04006000-7f2d04007000 r--s 00009000 00:30 7874959                    /home/void/.m2/repository/org/clojure/tools.nrepl/0.2.12/tools.nrepl-0.2.12.jar
7f2d04007000-7f2d04008000 r--s 0000a000 00:30 7883084                    /home/void/.m2/repository/org/clojure/tools.reader/1.0.0-alpha3/tools.reader-1.0.0-alpha3.jar
7f2d04008000-7f2d0400a000 r--s 0000c000 00:30 7881454                    /home/void/.m2/repository/org/apache/maven/maven-aether-provider/3.0.4/maven-aether-provider-3.0.4.jar
7f2d0400a000-7f2d0400b000 r--s 00005000 00:30 7883129                    /home/void/.m2/repository/com/googlecode/json-simple/json-simple/1.1.1/json-simple-1.1.1.jar
7f2d0400b000-7f2d0400c000 r--s 00001000 00:30 7884122                    /home/void/.m2/repository/org/clojure/core.memoize/0.5.9/core.memoize-0.5.9.jar
7f2d0400c000-7f2d0400e000 r--s 00012000 00:30 7883075                    /home/void/.m2/repository/org/clojure/google-closure-library-third-party/0.0-20151016-61277aea/google-closure-library-third-party-0.0-20151016-61277aea.jar
7f2d0400e000-7f2d04012000 r--s 0001c000 00:30 7881381                    /home/void/.m2/repository/org/sonatype/aether/aether-util/1.13.1/aether-util-1.13.1.jar
7f2d04012000-7f2d04014000 r--s 00010000 00:30 7902258                    /home/void/.m2/repository/com/taoensso/carmine/2.14.0/carmine-2.14.0.jar
7f2d04014000-7f2d04016000 r--s 0000d000 00:30 7881462                    /home/void/.m2/repository/org/codehaus/plexus/plexus-interpolation/1.14/plexus-interpolation-1.14.jar
7f2d04016000-7f2d04018000 r--s 0000d000 00:30 7884120                    /home/void/.m2/repository/org/clojure/core.async/0.2.385/core.async-0.2.385.jar
7f2d04018000-7f2d04019000 r--s 00008000 00:30 7902262                    /home/void/.m2/repository/com/taoensso/truss/1.3.3/truss-1.3.3.jar
7f2d04019000-7f2d0401b000 r--s 0000a000 00:30 7881392                    /home/void/.m2/repository/org/codehaus/plexus/plexus-classworlds/2.4/plexus-classworlds-2.4.jar
7f2d0401b000-7f2d0401c000 r--s 00002000 00:30 7882129                    /home/void/.m2/repository/clojure-complete/clojure-complete/0.2.4/clojure-complete-0.2.4.jar
7f2d0401c000-7f2d0401e000 r--s 00006000 00:30 7881566                    /home/void/.m2/repository/org/apache/maven/wagon/wagon-http-shared4/2.2/wagon-http-shared4-2.2.jar
7f2d0401e000-7f2d04023000 r--s 00040000 00:30 7881830                    /home/void/.m2/repository/org/jsoup/jsoup/1.6.1/jsoup-1.6.1.jar
7f2d04023000-7f2d04025000 r--s 00000000 00:30 7881499                    /home/void/.m2/repository/org/codehaus/plexus/plexus-component-annotations/1.5.5/plexus-component-annotations-1.5.5.jar
7f2d04025000-7f2d04026000 r--s 00007000 00:30 7884119                    /home/void/.m2/repository/org/clojure/tools.analyzer/0.6.9/tools.analyzer-0.6.9.jar
7f2d04026000-7f2d04028000 r--s 00006000 00:30 7883151                    /home/void/.m2/repository/com/cognitect/transit-js/0.8.755/transit-js-0.8.755.jar
7f2d04028000-7f2d0402a000 r--s 00038000 00:30 7902252                    /home/void/.m2/repository/net/jpountz/lz4/lz4/1.3/lz4-1.3.jar
7f2d0402a000-7f2d04045000 r--s 001d7000 08:01 2774212                    /usr/lib/jvm/java-8-openjdk-amd64/jre/lib/ext/nashorn.jar
7f2d04045000-7f2d04061000 r--s 00393000 08:01 2774214                    /usr/lib/jvm/java-8-openjdk-amd64/jre/lib/ext/cldrdata.jar
7f2d04061000-7f2d04082000 rw-p 00000000 00:00 0 
7f2d04082000-7f2d04250000 r--s 03beb000 08:01 2774203                    /usr/lib/jvm/java-8-openjdk-amd64/jre/lib/rt.jar
7f2d04250000-7f2d08000000 rw-p 00000000 00:00 0 
7f2d08000000-7f2d08021000 rw-p 00000000 00:00 0 
7f2d08021000-7f2d0c000000 ---p 00000000 00:00 0 
7f2d0c000000-7f2d0c001000 r--s 00002000 00:30 7883108                    /home/void/.m2/repository/com/cemerick/piggieback/0.1.4/piggieback-0.1.4.jar
7f2d0c001000-7f2d0c003000 r--s 00005000 00:30 7899822                    /home/void/.m2/repository/io/replikativ/konserve/0.4.4-SNAPSHOT/konserve-0.4.4-SNAPSHOT.jar
7f2d0c003000-7f2d0c005000 r--s 0000f000 00:30 7902260                    /home/void/.m2/repository/com/taoensso/timbre/4.7.3/timbre-4.7.3.jar
7f2d0c005000-7f2d0c006000 r--s 00008000 00:30 7884121                    /home/void/.m2/repository/org/clojure/tools.analyzer.jvm/0.6.10/tools.analyzer.jvm-0.6.10.jar
7f2d0c006000-7f2d0c009000 r--s 00013000 00:30 7881378                    /home/void/.m2/repository/org/sonatype/aether/aether-api/1.13.1/aether-api-1.13.1.jar
7f2d0c009000-7f2d0c00f000 r--s 0003a000 00:30 7881450                    /home/void/.m2/repository/org/sonatype/sisu/sisu-inject-bean/2.2.3/sisu-inject-bean-2.2.3.jar
7f2d0c00f000-7f2d0ccfd000 rw-p 00000000 00:00 0 
7f2d0ccfd000-7f2d0ccfe000 ---p 00000000 00:00 0 
7f2d0ccfe000-7f2d0cdfe000 rw-p 00000000 00:00 0 
7f2d0cdfe000-7f2d0cdff000 ---p 00000000 00:00 0 
7f2d0cdff000-7f2d0ceff000 rw-p 00000000 00:00 0 
7f2d0ceff000-7f2d0cf00000 ---p 00000000 00:00 0 
7f2d0cf00000-7f2d0d000000 rw-p 00000000 00:00 0 
7f2d0d000000-7f2d0d9a0000 rwxp 00000000 00:00 0 
7f2d0d9a0000-7f2d1c000000 ---p 00000000 00:00 0 
7f2d1c000000-7f2d1ddb1000 rw-p 00000000 00:00 0 
7f2d1ddb1000-7f2d20000000 ---p 00000000 00:00 0 
7f2d20000000-7f2d20001000 r--s 00001000 00:30 7883114                    /home/void/.m2/repository/com/cognitect/transit-clj/0.8.285/transit-clj-0.8.285.jar
7f2d20001000-7f2d20003000 r--s 00003000 00:30 7883187                    /home/void/.m2/repository/com/cemerick/austin/0.1.6/austin-0.1.6.jar
7f2d20003000-7f2d20005000 r--s 00000000 00:30 7884132                    /home/void/.m2/repository/org/tcrawley/dynapath/0.2.3/dynapath-0.2.3.jar
7f2d20005000-7f2d20006000 r--s 00002000 00:30 7881525                    /home/void/.m2/repository/org/apache/maven/wagon/wagon-http/2.2/wagon-http-2.2.jar
7f2d20006000-7f2d20007000 r--s 00003000 00:30 7881388                    /home/void/.m2/repository/org/sonatype/aether/aether-spi/1.13.1/aether-spi-1.13.1.jar
7f2d20007000-7f2d20009000 r--s 0000d000 00:30 7902251                    /home/void/.m2/repository/org/iq80/snappy/snappy/0.4/snappy-0.4.jar
7f2d20009000-7f2d2000a000 r--s 00000000 00:30 7882131                    /home/void/.m2/repository/myguidingstar/clansi/1.3.0/clansi-1.3.0.jar
7f2d2000a000-7f2d2000b000 r--s 00001000 00:30 7883150                    /home/void/.m2/repository/com/cognitect/transit-cljs/0.8.232/transit-cljs-0.8.232.jar
7f2d2000b000-7f2d20013000 r--s 0004e000 00:30 7882072                    /home/void/.m2/repository/org/apache/httpcomponents/httpclient/4.1.2/httpclient-4.1.2.jar
7f2d20013000-7f2d200aa000 rw-p 00000000 00:00 0 
7f2d200aa000-7f2d200ab000 ---p 00000000 00:00 0 
7f2d200ab000-7f2d201ab000 rw-p 00000000 00:00 0 
7f2d201ab000-7f2d201ac000 ---p 00000000 00:00 0 
7f2d201ac000-7f2d202ac000 rw-p 00000000 00:00 0 
7f2d202ac000-7f2d202ad000 ---p 00000000 00:00 0 
7f2d202ad000-7f2d203ad000 rw-p 00000000 00:00 0 
7f2d203ad000-7f2d203ae000 ---p 00000000 00:00 0 
7f2d203ae000-7f2d204ae000 rw-p 00000000 00:00 0 
7f2d204ae000-7f2d204af000 ---p 00000000 00:00 0 
7f2d204af000-7f2d20611000 rw-p 00000000 00:00 0 
7f2d20611000-7f2d20841000 ---p 00000000 00:00 0 
7f2d20841000-7f2d208a3000 rw-p 00000000 00:00 0 
7f2d208a3000-7f2d20ad3000 ---p 00000000 00:00 0 
7f2d20ad3000-7f2d20c07000 rw-p 00000000 00:00 0 
7f2d20c07000-7f2d20c1c000 ---p 00000000 00:00 0 
7f2d20c1c000-7f2d20c44000 rw-p 00000000 00:00 0 
7f2d20c44000-7f2d20fdd000 ---p 00000000 00:00 0 
7f2d20fdd000-7f2d20fe5000 r-xp 00000000 08:01 2771098                    /usr/lib/jvm/java-8-openjdk-amd64/jre/lib/amd64/libzip.so
7f2d20fe5000-7f2d211e4000 ---p 00008000 08:01 2771098                    /usr/lib/jvm/java-8-openjdk-amd64/jre/lib/amd64/libzip.so
7f2d211e4000-7f2d211e5000 r--p 00007000 08:01 2771098                    /usr/lib/jvm/java-8-openjdk-amd64/jre/lib/amd64/libzip.so
7f2d211e5000-7f2d211e6000 rw-p 00008000 08:01 2771098                    /usr/lib/jvm/java-8-openjdk-amd64/jre/lib/amd64/libzip.so
7f2d211e6000-7f2d211f1000 r-xp 00000000 08:01 4200749                    /lib/x86_64-linux-gnu/libnss_files-2.23.so
7f2d211f1000-7f2d213f0000 ---p 0000b000 08:01 4200749                    /lib/x86_64-linux-gnu/libnss_files-2.23.so
7f2d213f0000-7f2d213f1000 r--p 0000a000 08:01 4200749                    /lib/x86_64-linux-gnu/libnss_files-2.23.so
7f2d213f1000-7f2d213f2000 rw-p 0000b000 08:01 4200749                    /lib/x86_64-linux-gnu/libnss_files-2.23.so
7f2d213f2000-7f2d213f8000 rw-p 00000000 00:00 0 
7f2d213f8000-7f2d21403000 r-xp 00000000 08:01 4200746                    /lib/x86_64-linux-gnu/libnss_nis-2.23.so
7f2d21403000-7f2d21602000 ---p 0000b000 08:01 4200746                    /lib/x86_64-linux-gnu/libnss_nis-2.23.so
7f2d21602000-7f2d21603000 r--p 0000a000 08:01 4200746                    /lib/x86_64-linux-gnu/libnss_nis-2.23.so
7f2d21603000-7f2d21604000 rw-p 0000b000 08:01 4200746                    /lib/x86_64-linux-gnu/libnss_nis-2.23.so
7f2d21604000-7f2d2161a000 r-xp 00000000 08:01 4200744                    /lib/x86_64-linux-gnu/libnsl-2.23.so
7f2d2161a000-7f2d21819000 ---p 00016000 08:01 4200744                    /lib/x86_64-linux-gnu/libnsl-2.23.so
7f2d21819000-7f2d2181a000 r--p 00015000 08:01 4200744                    /lib/x86_64-linux-gnu/libnsl-2.23.so
7f2d2181a000-7f2d2181b000 rw-p 00016000 08:01 4200744                    /lib/x86_64-linux-gnu/libnsl-2.23.so
7f2d2181b000-7f2d2181d000 rw-p 00000000 00:00 0 
7f2d2181d000-7f2d21825000 r-xp 00000000 08:01 4200742                    /lib/x86_64-linux-gnu/libnss_compat-2.23.so
7f2d21825000-7f2d21a24000 ---p 00008000 08:01 4200742                    /lib/x86_64-linux-gnu/libnss_compat-2.23.so
7f2d21a24000-7f2d21a25000 r--p 00007000 08:01 4200742                    /lib/x86_64-linux-gnu/libnss_compat-2.23.so
7f2d21a25000-7f2d21a26000 rw-p 00008000 08:01 4200742                    /lib/x86_64-linux-gnu/libnss_compat-2.23.so
7f2d21a26000-7f2d21a53000 r-xp 00000000 08:01 2769436                    /usr/lib/jvm/java-8-openjdk-amd64/jre/lib/amd64/libjava.so
7f2d21a53000-7f2d21c52000 ---p 0002d000 08:01 2769436                    /usr/lib/jvm/java-8-openjdk-amd64/jre/lib/amd64/libjava.so
7f2d21c52000-7f2d21c53000 r--p 0002c000 08:01 2769436                    /usr/lib/jvm/java-8-openjdk-amd64/jre/lib/amd64/libjava.so
7f2d21c53000-7f2d21c55000 rw-p 0002d000 08:01 2769436                    /usr/lib/jvm/java-8-openjdk-amd64/jre/lib/amd64/libjava.so
7f2d21c55000-7f2d21c64000 r-xp 00000000 08:01 2769440                    /usr/lib/jvm/java-8-openjdk-amd64/jre/lib/amd64/libverify.so
7f2d21c64000-7f2d21e63000 ---p 0000f000 08:01 2769440                    /usr/lib/jvm/java-8-openjdk-amd64/jre/lib/amd64/libverify.so
7f2d21e63000-7f2d21e65000 r--p 0000e000 08:01 2769440                    /usr/lib/jvm/java-8-openjdk-amd64/jre/lib/amd64/libverify.so
7f2d21e65000-7f2d21e66000 rw-p 00010000 08:01 2769440                    /usr/lib/jvm/java-8-openjdk-amd64/jre/lib/amd64/libverify.so
7f2d21e66000-7f2d21e6d000 r-xp 00000000 08:01 4200758                    /lib/x86_64-linux-gnu/librt-2.23.so
7f2d21e6d000-7f2d2206c000 ---p 00007000 08:01 4200758                    /lib/x86_64-linux-gnu/librt-2.23.so
7f2d2206c000-7f2d2206d000 r--p 00006000 08:01 4200758                    /lib/x86_64-linux-gnu/librt-2.23.so
7f2d2206d000-7f2d2206e000 rw-p 00007000 08:01 4200758                    /lib/x86_64-linux-gnu/librt-2.23.so
7f2d2206e000-7f2d22084000 r-xp 00000000 08:01 4200678                    /lib/x86_64-linux-gnu/libgcc_s.so.1
7f2d22084000-7f2d22283000 ---p 00016000 08:01 4200678                    /lib/x86_64-linux-gnu/libgcc_s.so.1
7f2d22283000-7f2d22284000 rw-p 00015000 08:01 4200678                    /lib/x86_64-linux-gnu/libgcc_s.so.1
7f2d22284000-7f2d2238c000 r-xp 00000000 08:01 4200755                    /lib/x86_64-linux-gnu/libm-2.23.so
7f2d2238c000-7f2d2258b000 ---p 00108000 08:01 4200755                    /lib/x86_64-linux-gnu/libm-2.23.so
7f2d2258b000-7f2d2258c000 r--p 00107000 08:01 4200755                    /lib/x86_64-linux-gnu/libm-2.23.so
7f2d2258c000-7f2d2258d000 rw-p 00108000 08:01 4200755                    /lib/x86_64-linux-gnu/libm-2.23.so
7f2d2258d000-7f2d226ff000 r-xp 00000000 08:01 2228339                    /usr/lib/x86_64-linux-gnu/libstdc++.so.6.0.21
7f2d226ff000-7f2d228ff000 ---p 00172000 08:01 2228339                    /usr/lib/x86_64-linux-gnu/libstdc++.so.6.0.21
7f2d228ff000-7f2d22909000 r--p 00172000 08:01 2228339                    /usr/lib/x86_64-linux-gnu/libstdc++.so.6.0.21
7f2d22909000-7f2d2290b000 rw-p 0017c000 08:01 2228339                    /usr/lib/x86_64-linux-gnu/libstdc++.so.6.0.21
7f2d2290b000-7f2d2290f000 rw-p 00000000 00:00 0 
7f2d2290f000-7f2d23555000 r-xp 00000000 08:01 2771090                    /usr/lib/jvm/java-8-openjdk-amd64/jre/lib/amd64/server/libjvm.so
7f2d23555000-7f2d23755000 ---p 00c46000 08:01 2771090                    /usr/lib/jvm/java-8-openjdk-amd64/jre/lib/amd64/server/libjvm.so
7f2d23755000-7f2d237e8000 r--p 00c46000 08:01 2771090                    /usr/lib/jvm/java-8-openjdk-amd64/jre/lib/amd64/server/libjvm.so
7f2d237e8000-7f2d23810000 rw-p 00cd9000 08:01 2771090                    /usr/lib/jvm/java-8-openjdk-amd64/jre/lib/amd64/server/libjvm.so
7f2d23810000-7f2d23840000 rw-p 00000000 00:00 0 
7f2d23840000-7f2d23858000 r-xp 00000000 08:01 4200762                    /lib/x86_64-linux-gnu/libpthread-2.23.so
7f2d23858000-7f2d23a57000 ---p 00018000 08:01 4200762                    /lib/x86_64-linux-gnu/libpthread-2.23.so
7f2d23a57000-7f2d23a58000 r--p 00017000 08:01 4200762                    /lib/x86_64-linux-gnu/libpthread-2.23.so
7f2d23a58000-7f2d23a59000 rw-p 00018000 08:01 4200762                    /lib/x86_64-linux-gnu/libpthread-2.23.so
7f2d23a59000-7f2d23a5d000 rw-p 00000000 00:00 0 
7f2d23a5d000-7f2d23a60000 r-xp 00000000 08:01 4200764                    /lib/x86_64-linux-gnu/libdl-2.23.so
7f2d23a60000-7f2d23c5f000 ---p 00003000 08:01 4200764                    /lib/x86_64-linux-gnu/libdl-2.23.so
7f2d23c5f000-7f2d23c60000 r--p 00002000 08:01 4200764                    /lib/x86_64-linux-gnu/libdl-2.23.so
7f2d23c60000-7f2d23c61000 rw-p 00003000 08:01 4200764                    /lib/x86_64-linux-gnu/libdl-2.23.so
7f2d23c61000-7f2d23c7a000 r-xp 00000000 08:01 4200949                    /lib/x86_64-linux-gnu/libz.so.1.2.8
7f2d23c7a000-7f2d23e79000 ---p 00019000 08:01 4200949                    /lib/x86_64-linux-gnu/libz.so.1.2.8
7f2d23e79000-7f2d23e7a000 r--p 00018000 08:01 4200949                    /lib/x86_64-linux-gnu/libz.so.1.2.8
7f2d23e7a000-7f2d23e7b000 rw-p 00019000 08:01 4200949                    /lib/x86_64-linux-gnu/libz.so.1.2.8
7f2d23e7b000-7f2d2403b000 r-xp 00000000 08:01 4200763                    /lib/x86_64-linux-gnu/libc-2.23.so
7f2d2403b000-7f2d2423a000 ---p 001c0000 08:01 4200763                    /lib/x86_64-linux-gnu/libc-2.23.so
7f2d2423a000-7f2d2423e000 r--p 001bf000 08:01 4200763                    /lib/x86_64-linux-gnu/libc-2.23.so
7f2d2423e000-7f2d24240000 rw-p 001c3000 08:01 4200763                    /lib/x86_64-linux-gnu/libc-2.23.so
7f2d24240000-7f2d24244000 rw-p 00000000 00:00 0 
7f2d24244000-7f2d24251000 r-xp 00000000 08:01 2772484                    /usr/lib/jvm/java-8-openjdk-amd64/jre/lib/amd64/jli/libjli.so
7f2d24251000-7f2d24451000 ---p 0000d000 08:01 2772484                    /usr/lib/jvm/java-8-openjdk-amd64/jre/lib/amd64/jli/libjli.so
7f2d24451000-7f2d24452000 r--p 0000d000 08:01 2772484                    /usr/lib/jvm/java-8-openjdk-amd64/jre/lib/amd64/jli/libjli.so
7f2d24452000-7f2d24453000 rw-p 0000e000 08:01 2772484                    /usr/lib/jvm/java-8-openjdk-amd64/jre/lib/amd64/jli/libjli.so
7f2d24453000-7f2d24479000 r-xp 00000000 08:01 4200759                    /lib/x86_64-linux-gnu/ld-2.23.so
7f2d24479000-7f2d2447b000 r--s 00002000 00:30 7883183                    /home/void/.m2/repository/io/replikativ/incognito/0.2.0/incognito-0.2.0.jar
7f2d2447b000-7f2d24480000 r--s 00028000 00:30 7882074                    /home/void/.m2/repository/org/apache/httpcomponents/httpcore/4.1.2/httpcore-4.1.2.jar
7f2d24480000-7f2d24483000 r--s 0000f000 08:01 2774219                    /usr/lib/jvm/java-8-openjdk-amd64/jre/lib/ext/icedtea-sound.jar
7f2d24483000-7f2d24488000 r--s 0003b000 08:01 2774218                    /usr/lib/jvm/java-8-openjdk-amd64/jre/lib/ext/sunjce_provider.jar
7f2d24488000-7f2d2448c000 r--s 00037000 08:01 2774221                    /usr/lib/jvm/java-8-openjdk-amd64/jre/lib/ext/sunpkcs11.jar
7f2d2448c000-7f2d24508000 rw-p 00000000 00:00 0 
7f2d24508000-7f2d2450b000 ---p 00000000 00:00 0 
7f2d2450b000-7f2d2460e000 rw-p 00000000 00:00 0 
7f2d2460e000-7f2d2460f000 r--s 00010000 08:01 2774217                    /usr/lib/jvm/java-8-openjdk-amd64/jre/lib/ext/zipfs.jar
7f2d2460f000-7f2d24610000 r--s 00008000 08:01 2774215                    /usr/lib/jvm/java-8-openjdk-amd64/jre/lib/ext/sunec.jar
7f2d24610000-7f2d2461a000 r--s 00116000 08:01 2774220                    /usr/lib/jvm/java-8-openjdk-amd64/jre/lib/ext/localedata.jar
7f2d2461a000-7f2d2461b000 r--s 0000a000 08:01 2774216                    /usr/lib/jvm/java-8-openjdk-amd64/jre/lib/ext/jaccess.jar
7f2d2461b000-7f2d2461d000 r--s 00001000 08:01 2774213                    /usr/lib/jvm/java-8-openjdk-amd64/jre/lib/ext/dnsns.jar
7f2d2461d000-7f2d2466c000 rw-p 00000000 00:00 0 
7f2d2466c000-7f2d24674000 rw-s 00000000 08:01 8291198                    /tmp/hsperfdata_void/9961
7f2d24674000-7f2d24675000 rw-p 00000000 00:00 0 
7f2d24675000-7f2d24676000 r--p 00000000 00:00 0 
7f2d24676000-7f2d24678000 rw-p 00000000 00:00 0 
7f2d24678000-7f2d24679000 r--p 00025000 08:01 4200759                    /lib/x86_64-linux-gnu/ld-2.23.so
7f2d24679000-7f2d2467a000 rw-p 00026000 08:01 4200759                    /lib/x86_64-linux-gnu/ld-2.23.so
7f2d2467a000-7f2d2467b000 rw-p 00000000 00:00 0 
7fffbfdfd000-7fffbfe20000 rw-p 00000000 00:00 0                          [stack]
7fffbffec000-7fffbffee000 r--p 00000000 00:00 0                          [vvar]
7fffbffee000-7fffbfff0000 r-xp 00000000 00:00 0                          [vdso]
ffffffffff600000-ffffffffff601000 r-xp 00000000 00:00 0                  [vsyscall]

VM Arguments:
jvm_args: -Dfile.encoding=UTF-8 -XX:+TieredCompilation -XX:TieredStopAtLevel=1 -XX:-OmitStackTraceInFastThrow -Dclojure.compile.path=/usr/src/konserve-carmine/target/classes -Dkonserve-carmine.version=0.1.0-SNAPSHOT -Dclojure.debug=false 
java_command: clojure.main -i /tmp/form-init8469639506710919400.clj
java_class_path (initial): /usr/src/konserve-carmine/test:/usr/src/konserve-carmine/src:/usr/src/konserve-carmine/dev-resources:/usr/src/konserve-carmine/resources:/usr/src/konserve-carmine/target/classes:/home/void/.m2/repository/org/apache/httpcomponents/httpcore/4.1.2/httpcore-4.1.2.jar:/home/void/.m2/repository/io/replikativ/incognito/0.2.0/incognito-0.2.0.jar:/home/void/.m2/repository/org/apache/httpcomponents/httpclient/4.1.2/httpclient-4.1.2.jar:/home/void/.m2/repository/com/cognitect/transit-cljs/0.8.232/transit-cljs-0.8.232.jar:/home/void/.m2/repository/myguidingstar/clansi/1.3.0/clansi-1.3.0.jar:/home/void/.m2/repository/org/iq80/snappy/snappy/0.4/snappy-0.4.jar:/home/void/.m2/repository/org/clojure/clojure/1.8.0/clojure-1.8.0.jar:/home/void/.m2/repository/org/sonatype/aether/aether-spi/1.13.1/aether-spi-1.13.1.jar:/home/void/.m2/repository/org/apache/maven/wagon/wagon-http/2.2/wagon-http-2.2.jar:/home/void/.m2/repository/org/tcrawley/dynapath/0.2.3/dynapath-0.2.3.jar:/home/void/.m2/repository/com/cemerick/austin/0.1.6/austin-0.1.6.jar:/home/void/.m2/repository/org/sonatype/sisu/sisu-inject-bean/2.2.3/sisu-inject-bean-2.2.3.jar:/home/void/.m2/repository/org/sonatype/aether/aether-api/1.13.1/aether-api-1.13.1.jar:/home/void/.m2/repository/com/cognitect/transit-clj/0.8.285/transit-clj-0.8.285.jar:/home/void/.m2/repository/org/clojure/tools.analyzer.jvm/0.6.10/tools.analyzer.jvm-0.6.10.jar:/home/void/.m2/repository/com/taoensso/timbre/4.7.3/timbre-4.7.3.jar:/home/void/.m2/repository/io/replikativ/konserve/0.4.4-SNAPSHOT/konserve-0.4.4-SNAPSHOT.jar:/home/void/.m2/repository/com/cemerick/piggieback/0.1.4/piggieback-0.1.4.jar:/home/void/.m2/repository/net/jpountz/lz4/lz4/1.3/lz4-1.3.jar:/home/void/.m2/repository/com/cognitect/transit-js/0.8.755/transit-js-0.8.755.jar:/home/void/.m2/repository/com/google/javascript/closure-compiler/v20151216/closure-compiler-v20151216.jar:/home/void/.m2/repository/org/clojure/tools.analyzer/0.6.9/tools.analyzer-0.6.9.jar:/home/
Launcher Type: SUN_STANDARD

Environment Variables:
CLASSPATH=/home/void/.lein/self-installs/leiningen-2.6.1-standalone.jar
PATH=/home/void/.opam/4.01.0/bin:/home/void/bin:/opt/tools/MATLAB/R2015b/bin:/opt/nest-2.4.2/bin:/usr/local/bin:/home/void/bin:/opt/nest-2.4.2/bin:/usr/local/sbin:/usr/local/bin:/usr/sbin:/usr/bin:/sbin:/bin:/usr/games:/usr/local/games:/snap/bin
SHELL=/bin/zsh
DISPLAY=:0

Signal Handlers:
SIGSEGV: [libjvm.so+0xa5e970], sa_mask[0]=11111111011111111101111111111110, sa_flags=SA_RESTART|SA_SIGINFO
SIGBUS: [libjvm.so+0xa5e970], sa_mask[0]=11111111011111111101111111111110, sa_flags=SA_RESTART|SA_SIGINFO
SIGFPE: [libjvm.so+0x8a9ff0], sa_mask[0]=11111111011111111101111111111110, sa_flags=SA_RESTART|SA_SIGINFO
SIGPIPE: [libjvm.so+0x8a9ff0], sa_mask[0]=11111111011111111101111111111110, sa_flags=SA_RESTART|SA_SIGINFO
SIGXFSZ: [libjvm.so+0x8a9ff0], sa_mask[0]=11111111011111111101111111111110, sa_flags=SA_RESTART|SA_SIGINFO
SIGILL: [libjvm.so+0x8a9ff0], sa_mask[0]=11111111011111111101111111111110, sa_flags=SA_RESTART|SA_SIGINFO
SIGUSR1: SIG_DFL, sa_mask[0]=00000000000000000000000000000000, sa_flags=none
SIGUSR2: [libjvm.so+0x8a9ea0], sa_mask[0]=00100000000000000000000000000000, sa_flags=SA_RESTART|SA_SIGINFO
SIGHUP: [libjvm.so+0x8aa370], sa_mask[0]=11111111011111111101111111111110, sa_flags=SA_RESTART|SA_SIGINFO
SIGINT: [libjvm.so+0x8aa370], sa_mask[0]=11111111011111111101111111111110, sa_flags=SA_RESTART|SA_SIGINFO
SIGTERM: [libjvm.so+0x8aa370], sa_mask[0]=11111111011111111101111111111110, sa_flags=SA_RESTART|SA_SIGINFO
SIGQUIT: [libjvm.so+0x8aa370], sa_mask[0]=11111111011111111101111111111110, sa_flags=SA_RESTART|SA_SIGINFO


---------------  S Y S T E M  ---------------

OS:DISTRIB_ID=Ubuntu
DISTRIB_RELEASE=16.04
DISTRIB_CODENAME=xenial
DISTRIB_DESCRIPTION="Ubuntu 16.04.1 LTS"

uname:Linux 4.4.0-36-generic #55-Ubuntu SMP Thu Aug 11 18:01:55 UTC 2016 x86_64
libc:glibc 2.23 NPTL 2.23 
rlimit: STACK 8515k, CORE 0k, NPROC 31382, NOFILE 65536, AS infinity
load average:0,28 0,36 0,39

/proc/meminfo:
MemTotal:        8079372 kB
MemFree:          832208 kB
MemAvailable:    2388036 kB
Buffers:          175112 kB
Cached:          1946800 kB
SwapCached:       103480 kB
Active:          5268160 kB
Inactive:        1554292 kB
Active(anon):    4037164 kB
Inactive(anon):  1079560 kB
Active(file):    1230996 kB
Inactive(file):   474732 kB
Unevictable:          84 kB
Mlocked:              84 kB
SwapTotal:       8289504 kB
SwapFree:        4680504 kB
Dirty:               684 kB
Writeback:             0 kB
AnonPages:       4666668 kB
Mapped:           436896 kB
Shmem:            416184 kB
Slab:             228728 kB
SReclaimable:     142120 kB
SUnreclaim:        86608 kB
KernelStack:       20672 kB
PageTables:       104088 kB
NFS_Unstable:          0 kB
Bounce:                0 kB
WritebackTmp:          0 kB
CommitLimit:    12329188 kB
Committed_AS:   18120584 kB
VmallocTotal:   34359738367 kB
VmallocUsed:           0 kB
VmallocChunk:          0 kB
HardwareCorrupted:     0 kB
AnonHugePages:   1873920 kB
CmaTotal:              0 kB
CmaFree:               0 kB
HugePages_Total:       0
HugePages_Free:        0
HugePages_Rsvd:        0
HugePages_Surp:        0
Hugepagesize:       2048 kB
DirectMap4k:      341460 kB
DirectMap2M:     7952384 kB


CPU:total 8 (4 cores per cpu, 2 threads per core) family 6 model 42 stepping 7, cmov, cx8, fxsr, mmx, sse, sse2, sse3, ssse3, sse4.1, sse4.2, popcnt, avx, aes, clmul, ht, tsc, tscinvbit

/proc/cpuinfo:
processor	: 0
vendor_id	: GenuineIntel
cpu family	: 6
model		: 42
model name	: Intel(R) Core(TM) i7-2720QM CPU @ 2.20GHz
stepping	: 7
microcode	: 0x14
cpu MHz		: 1000.000
cache size	: 6144 KB
physical id	: 0
siblings	: 8
core id		: 0
cpu cores	: 4
apicid		: 0
initial apicid	: 0
fpu		: yes
fpu_exception	: yes
cpuid level	: 13
wp		: yes
flags		: fpu vme de pse tsc msr pae mce cx8 apic sep mtrr pge mca cmov pat pse36 clflush dts acpi mmx fxsr sse sse2 ss ht tm pbe syscall nx rdtscp lm constant_tsc arch_perfmon pebs bts rep_good nopl xtopology nonstop_tsc aperfmperf eagerfpu pni pclmulqdq dtes64 monitor ds_cpl vmx smx est tm2 ssse3 cx16 xtpr pdcm pcid sse4_1 sse4_2 x2apic popcnt tsc_deadline_timer aes xsave avx lahf_lm epb tpr_shadow vnmi flexpriority ept vpid xsaveopt dtherm ida arat pln pts
bugs		:
bogomips	: 4390.37
clflush size	: 64
cache_alignment	: 64
address sizes	: 36 bits physical, 48 bits virtual
power management:

processor	: 1
vendor_id	: GenuineIntel
cpu family	: 6
model		: 42
model name	: Intel(R) Core(TM) i7-2720QM CPU @ 2.20GHz
stepping	: 7
microcode	: 0x14
cpu MHz		: 1600.000
cache size	: 6144 KB
physical id	: 0
siblings	: 8
core id		: 1
cpu cores	: 4
apicid		: 2
initial apicid	: 2
fpu		: yes
fpu_exception	: yes
cpuid level	: 13
wp		: yes
flags		: fpu vme de pse tsc msr pae mce cx8 apic sep mtrr pge mca cmov pat pse36 clflush dts acpi mmx fxsr sse sse2 ss ht tm pbe syscall nx rdtscp lm constant_tsc arch_perfmon pebs bts rep_good nopl xtopology nonstop_tsc aperfmperf eagerfpu pni pclmulqdq dtes64 monitor ds_cpl vmx smx est tm2 ssse3 cx16 xtpr pdcm pcid sse4_1 sse4_2 x2apic popcnt tsc_deadline_timer aes xsave avx lahf_lm epb tpr_shadow vnmi flexpriority ept vpid xsaveopt dtherm ida arat pln pts
bugs		:
bogomips	: 4390.37
clflush size	: 64
cache_alignment	: 64
address sizes	: 36 bits physical, 48 bits virtual
power management:

processor	: 2
vendor_id	: GenuineIntel
cpu family	: 6
model		: 42
model name	: Intel(R) Core(TM) i7-2720QM CPU @ 2.20GHz
stepping	: 7
microcode	: 0x14
cpu MHz		: 800.000
cache size	: 6144 KB
physical id	: 0
siblings	: 8
core id		: 2
cpu cores	: 4
apicid		: 4
initial apicid	: 4
fpu		: yes
fpu_exception	: yes
cpuid level	: 13
wp		: yes
flags		: fpu vme de pse tsc msr pae mce cx8 apic sep mtrr pge mca cmov pat pse36 clflush dts acpi mmx fxsr sse sse2 ss ht tm pbe syscall nx rdtscp lm constant_tsc arch_perfmon pebs bts rep_good nopl xtopology nonstop_tsc aperfmperf eagerfpu pni pclmulqdq dtes64 monitor ds_cpl vmx smx est tm2 ssse3 cx16 xtpr pdcm pcid sse4_1 sse4_2 x2apic popcnt tsc_deadline_timer aes xsave avx lahf_lm epb tpr_shadow vnmi flexpriority ept vpid xsaveopt dtherm ida arat pln pts
bugs		:
bogomips	: 4390.37
clflush size	: 64
cache_alignment	: 64
address sizes	: 36 bits physical, 48 bits virtual
power management:

processor	: 3
vendor_id	: GenuineIntel
cpu family	: 6
model		: 42
model name	: Intel(R) Core(TM) i7-2720QM CPU @ 2.20GHz
stepping	: 7
microcode	: 0x14
cpu MHz		: 800.000
cache size	: 6144 KB
physical id	: 0
siblings	: 8
core id		: 3
cpu cores	: 4
apicid		: 6
initial apicid	: 6
fpu		: yes
fpu_exception	: yes
cpuid level	: 13
wp		: yes
flags		: fpu vme de pse tsc msr pae mce cx8 apic sep mtrr pge mca cmov pat pse36 clflush dts acpi mmx fxsr sse sse2 ss ht tm pbe syscall nx rdtscp lm constant_tsc arch_perfmon pebs bts rep_good nopl xtopology nonstop_tsc aperfmperf eagerfpu pni pclmulqdq dtes64 monitor ds_cpl vmx smx est tm2 ssse3 cx16 xtpr pdcm pcid sse4_1 sse4_2 x2apic popcnt tsc_deadline_timer aes xsave avx lahf_lm epb tpr_shadow vnmi flexpriority ept vpid xsaveopt dtherm ida arat pln pts
bugs		:
bogomips	: 4390.37
clflush size	: 64
cache_alignment	: 64
address sizes	: 36 bits physical, 48 bits virtual
power management:

processor	: 4
vendor_id	: GenuineIntel
cpu family	: 6
model		: 42
model name	: Intel(R) Core(TM) i7-2720QM CPU @ 2.20GHz
stepping	: 7
microcode	: 0x14
cpu MHz		: 1000.000
cache size	: 6144 KB
physical id	: 0
siblings	: 8
core id		: 0
cpu cores	: 4
apicid		: 1
initial apicid	: 1
fpu		: yes
fpu_exception	: yes
cpuid level	: 13
wp		: yes
flags		: fpu vme de pse tsc msr pae mce cx8 apic sep mtrr pge mca cmov pat pse36 clflush dts acpi mmx fxsr sse sse2 ss ht tm pbe syscall nx rdtscp lm constant_tsc arch_perfmon pebs bts rep_good nopl xtopology nonstop_tsc aperfmperf eagerfpu pni pclmulqdq dtes64 monitor ds_cpl vmx smx est tm2 ssse3 cx16 xtpr pdcm pcid sse4_1 sse4_2 x2apic popcnt tsc_deadline_timer aes xsave avx lahf_lm epb tpr_shadow vnmi flexpriority ept vpid xsaveopt dtherm ida arat pln pts
bugs		:
bogomips	: 4390.37
clflush size	: 64
cache_alignment	: 64
address sizes	: 36 bits physical, 48 bits virtual
power management:

processor	: 5
vendor_id	: GenuineIntel
cpu family	: 6
model		: 42
model name	: Intel(R) Core(TM) i7-2720QM CPU @ 2.20GHz
stepping	: 7
microcode	: 0x14
cpu MHz		: 800.000
cache size	: 6144 KB
physical id	: 0
siblings	: 8
core id		: 1
cpu cores	: 4
apicid		: 3
initial apicid	: 3
fpu		: yes
fpu_exception	: yes
cpuid level	: 13
wp		: yes
flags		: fpu vme de pse tsc msr pae mce cx8 apic sep mtrr pge mca cmov pat pse36 clflush dts acpi mmx fxsr sse sse2 ss ht tm pbe syscall nx rdtscp lm constant_tsc arch_perfmon pebs bts rep_good nopl xtopology nonstop_tsc aperfmperf eagerfpu pni pclmulqdq dtes64 monitor ds_cpl vmx smx est tm2 ssse3 cx16 xtpr pdcm pcid sse4_1 sse4_2 x2apic popcnt tsc_deadline_timer aes xsave avx lahf_lm epb tpr_shadow vnmi flexpriority ept vpid xsaveopt dtherm ida arat pln pts
bugs		:
bogomips	: 4390.37
clflush size	: 64
cache_alignment	: 64
address sizes	: 36 bits physical, 48 bits virtual
power management:

processor	: 6
vendor_id	: GenuineIntel
cpu family	: 6
model		: 42
model name	: Intel(R) Core(TM) i7-2720QM CPU @ 2.20GHz
stepping	: 7
microcode	: 0x14
cpu MHz		: 800.000
cache size	: 6144 KB
physical id	: 0
siblings	: 8
core id		: 2
cpu cores	: 4
apicid		: 5
initial apicid	: 5
fpu		: yes
fpu_exception	: yes
cpuid level	: 13
wp		: yes
flags		: fpu vme de pse tsc msr pae mce cx8 apic sep mtrr pge mca cmov pat pse36 clflush dts acpi mmx fxsr sse sse2 ss ht tm pbe syscall nx rdtscp lm constant_tsc arch_perfmon pebs bts rep_good nopl xtopology nonstop_tsc aperfmperf eagerfpu pni pclmulqdq dtes64 monitor ds_cpl vmx smx est tm2 ssse3 cx16 xtpr pdcm pcid sse4_1 sse4_2 x2apic popcnt tsc_deadline_timer aes xsave avx lahf_lm epb tpr_shadow vnmi flexpriority ept vpid xsaveopt dtherm ida arat pln pts
bugs		:
bogomips	: 4390.37
clflush size	: 64
cache_alignment	: 64
address sizes	: 36 bits physical, 48 bits virtual
power management:

processor	: 7
vendor_id	: GenuineIntel
cpu family	: 6
model		: 42
model name	: Intel(R) Core(TM) i7-2720QM CPU @ 2.20GHz
stepping	: 7
microcode	: 0x14
cpu MHz		: 2200.000
cache size	: 6144 KB
physical id	: 0
siblings	: 8
core id		: 3
cpu cores	: 4
apicid		: 7
initial apicid	: 7
fpu		: yes
fpu_exception	: yes
cpuid level	: 13
wp		: yes
flags		: fpu vme de pse tsc msr pae mce cx8 apic sep mtrr pge mca cmov pat pse36 clflush dts acpi mmx fxsr sse sse2 ss ht tm pbe syscall nx rdtscp lm constant_tsc arch_perfmon pebs bts rep_good nopl xtopology nonstop_tsc aperfmperf eagerfpu pni pclmulqdq dtes64 monitor ds_cpl vmx smx est tm2 ssse3 cx16 xtpr pdcm pcid sse4_1 sse4_2 x2apic popcnt tsc_deadline_timer aes xsave avx lahf_lm epb tpr_shadow vnmi flexpriority ept vpid xsaveopt dtherm ida arat pln pts
bugs		:
bogomips	: 4390.37
clflush size	: 64
cache_alignment	: 64
address sizes	: 36 bits physical, 48 bits virtual
power management:



Memory: 4k page, physical 8079372k(832208k free), swap 8289504k(4680504k free)

vm_info: OpenJDK 64-Bit Server VM (25.91-b14) for linux-amd64 JRE (1.8.0_91-8u91-b14-3ubuntu1~16.04.1-b14), built on Jul 21 2016 04:13:34 by "buildd" with gcc 5.3.1 20160413

time: Mon Sep 19 22:58:04 2016
elapsed time: 69 seconds (0d 0h 1m 9s)

